
Info 09.04.2026  14:27 -  mPrepStructure: invalid mol input!
Info 09.04.2026  14:28 -  ********************************************************
        STRUCTURE PREPPING < 1CRN >
     ********************************************************
Info 09.04.2026  14:28 -  step 1 - 1CRN 
     ========
        core mol check ....
Info 09.04.2026  14:28 -  done. 0.0004 seconds.
Info 09.04.2026  14:28 -  converting MSE to MET ....
Info 09.04.2026  14:28 -  done. 0.0001 seconds.
Info 09.04.2026  14:28 -  reorg HET residues ....
Info 09.04.2026  14:28 -  done. 0.0001 seconds.
Info 09.04.2026  14:28 -  std AA res name assignment ....
Info 09.04.2026  14:28 -  done. 0.0002 seconds.
Info 09.04.2026  14:28 -  revmoving duplicate atoms ....
Info 09.04.2026  14:28 -  done. 0.0027 seconds.
Info 09.04.2026  14:28 -  step 2 - 1CRN
     ========
        assigning reference data ...
Info 09.04.2026  14:28 -  done 0.0010 seconds.
       fixing metal charges and halogens ...
Info 09.04.2026  14:28 -  done. 0.0006 seconds.
       fixing backbone connectivity ...
Info 09.04.2026  14:28 -  done. 0.0014 seconds.
       check isolated residues ...
Info 09.04.2026  14:28 -  done. 0.0012 seconds.
       checking for missing atoms ...
Info 09.04.2026  14:28 -  Error with standard residue bonding! This needs attention!
      residues: ['A:PHE13', 'A:TYR29', 'A:TYR44']