
Info 13.04.2026  08:50 -  ********************************************************
        STRUCTURE PREPPING < todel >
     ********************************************************
Info 13.04.2026  08:50 -  step 1 - todel 
     ========
        core mol check ....
Info 13.04.2026  08:50 -  done. 0.0111 seconds.
Info 13.04.2026  08:50 -  converting MSE to MET ....
Info 13.04.2026  08:50 -  done. 0.0007 seconds.
Info 13.04.2026  08:50 -  reorg HET residues ....
Info 13.04.2026  08:50 -  done. 0.0011 seconds.
Info 13.04.2026  08:50 -  std AA res name assignment ....
Info 13.04.2026  08:50 -  done. 0.0011 seconds.
Info 13.04.2026  08:50 -  revmoving duplicate atoms ....
Info 13.04.2026  08:50 -  done. 0.0158 seconds.
Info 13.04.2026  08:50 -  step 2 - todel
     ========
        assigning reference data ...
Info 13.04.2026  08:50 -  done 0.0045 seconds.
       fixing metal charges and halogens ...
Info 13.04.2026  08:50 -  done. 0.0044 seconds.
       fixing backbone connectivity ...
Info 13.04.2026  08:50 -  done. 0.0040 seconds.
       check isolated residues ...
Info 13.04.2026  08:50 -  done. 0.0078 seconds.
       checking for missing atoms ...
Info 13.04.2026  08:50 -  done.
       adding disulphide bonds ...
Info 13.04.2026  08:50 -  done.
       fixing small molecules ....
Info 13.04.2026  08:50 -  done. 0.0092 seconds.
Info 13.04.2026  08:50 -  step 3 - todel
     ========
        gmol: natoms=10135  nHydrogens=4991
Info 13.04.2026  08:50 -  adding hydrogens ...
Info 13.04.2026  08:50 -  done.
       checking bonding issues ...
Info 13.04.2026  08:50 -  done.
       adding atom types ...
Info 13.04.2026  08:50 -  done.
       adding aromaticity ...
Info 13.04.2026  08:50 -  done.
       adding sulphur charges ...
Info 13.04.2026  08:50 -  done. 0.1101 seconds.
Info 13.04.2026  08:50 -  step 4 - todel
     ========
       gmol: natoms=10154  nHydrogens=5010
Info 13.04.2026  08:50 -  reorg system ...
Info 13.04.2026  08:50 -  done.
        checking for backbone integrity issues ...
Info 13.04.2026  08:50 -  done.
     0.2907 seconds.
Info 13.04.2026  08:50 -  step 5 - todel:
     ========
       setting system pH=7.1  method=propka...
Info 13.04.2026  08:51 -  done. 1.1625 seconds.
Info 13.04.2026  08:51 -  step 6 - todel:
     ========
       final cleanup ...
Info 13.04.2026  08:51 -  residues with major bb issues: C:LYS77,C:ASN185,C:PHE186,C:ILE210,C:PHE275,C:ILE285,C:THR286,C:ASP287,C:ALA288,C:VAL289,C:ASN334,C:LEU335,C:CYS336
Info 13.04.2026  08:51 -  done. 1.1316 seconds.
     molprobity scores after structure prep:
     ==============================================
Info 13.04.2026  09:25 -  ********************************************************
        STRUCTURE PREPPING < 1crn >
     ********************************************************
Info 13.04.2026  09:25 -  step 1 - 1crn 
     ========
        core mol check ....
Info 13.04.2026  09:25 -  done. 0.0004 seconds.
Info 13.04.2026  09:25 -  converting MSE to MET ....
Info 13.04.2026  09:25 -  done. 0.0001 seconds.
Info 13.04.2026  09:25 -  reorg HET residues ....
Info 13.04.2026  09:25 -  done. 0.0001 seconds.
Info 13.04.2026  09:25 -  std AA res name assignment ....
Info 13.04.2026  09:25 -  done. 0.0001 seconds.
Info 13.04.2026  09:25 -  revmoving duplicate atoms ....
Info 13.04.2026  09:25 -  done. 0.0010 seconds.
Info 13.04.2026  09:25 -  step 2 - 1crn
     ========
        assigning reference data ...
Info 13.04.2026  09:25 -  done 0.0004 seconds.
       fixing metal charges and halogens ...
Info 13.04.2026  09:25 -  done. 0.0003 seconds.
       fixing backbone connectivity ...
Info 13.04.2026  09:25 -  done. 0.0004 seconds.
       check isolated residues ...
Info 13.04.2026  09:25 -  done. 0.0003 seconds.
       checking for missing atoms ...
Info 13.04.2026  09:25 -  done.
       adding disulphide bonds ...
Info 13.04.2026  09:25 -  done.
       fixing small molecules ....
Info 13.04.2026  09:25 -  done. 0.0007 seconds.
Info 13.04.2026  09:25 -  step 3 - 1crn
     ========
        gmol: natoms=642  nHydrogens=315
Info 13.04.2026  09:25 -  adding hydrogens ...
Info 13.04.2026  09:25 -  done.
       checking bonding issues ...
Info 13.04.2026  09:25 -  done.
       adding atom types ...
Info 13.04.2026  09:25 -  done.
       adding aromaticity ...
Info 13.04.2026  09:25 -  done.
       adding sulphur charges ...
Info 13.04.2026  09:25 -  done. 0.0058 seconds.
Info 13.04.2026  09:25 -  step 4 - 1crn
     ========
       gmol: natoms=648  nHydrogens=321
Info 13.04.2026  09:25 -  reorg system ...
Info 13.04.2026  09:25 -  done.
        checking for backbone integrity issues ...
Info 13.04.2026  09:25 -  done.
     0.2705 seconds.
Info 13.04.2026  09:25 -  step 5 - 1crn:
     ========
       setting system pH=7.1  method=propka...
Info 13.04.2026  09:25 -  done. 0.0327 seconds.
Info 13.04.2026  09:25 -  step 6 - 1crn:
     ========
       final cleanup ...
Info 13.04.2026  09:25 -  done. 0.5504 seconds.
     molprobity scores after structure prep:
     ==============================================
Info 13.04.2026  09:46 -  ********************************************************
        STRUCTURE PREPPING < 1crn >
     ********************************************************
Info 13.04.2026  09:46 -  step 1 - 1crn 
     ========
        core mol check ....
Info 13.04.2026  09:46 -  done. 0.0004 seconds.
Info 13.04.2026  09:46 -  converting MSE to MET ....
Info 13.04.2026  09:46 -  done. 0.0001 seconds.
Info 13.04.2026  09:46 -  reorg HET residues ....
Info 13.04.2026  09:46 -  done. 0.0001 seconds.
Info 13.04.2026  09:46 -  std AA res name assignment ....
Info 13.04.2026  09:46 -  done. 0.0001 seconds.
Info 13.04.2026  09:46 -  revmoving duplicate atoms ....
Info 13.04.2026  09:46 -  done. 0.0010 seconds.
Info 13.04.2026  09:46 -  step 2 - 1crn
     ========
        assigning reference data ...
Info 13.04.2026  09:46 -  done 0.0004 seconds.
       fixing metal charges and halogens ...
Info 13.04.2026  09:46 -  done. 0.0003 seconds.
       fixing backbone connectivity ...
Info 13.04.2026  09:46 -  done. 0.0004 seconds.
       check isolated residues ...
Info 13.04.2026  09:46 -  done. 0.0003 seconds.
       checking for missing atoms ...
Info 13.04.2026  09:46 -  done.
       adding disulphide bonds ...
Info 13.04.2026  09:46 -  done.
       fixing small molecules ....
Info 13.04.2026  09:46 -  done. 0.0008 seconds.
Info 13.04.2026  09:46 -  step 3 - 1crn
     ========
        gmol: natoms=642  nHydrogens=315
Info 13.04.2026  09:46 -  adding hydrogens ...
Info 13.04.2026  09:46 -  done.
       checking bonding issues ...
Info 13.04.2026  09:46 -  done.
       adding atom types ...
Info 13.04.2026  09:46 -  done.
       adding aromaticity ...
Info 13.04.2026  09:46 -  done.
       adding sulphur charges ...
Info 13.04.2026  09:46 -  done. 0.0056 seconds.
Info 13.04.2026  09:46 -  step 4 - 1crn
     ========
       gmol: natoms=648  nHydrogens=321
Info 13.04.2026  09:46 -  reorg system ...
Info 13.04.2026  09:46 -  done.
        checking for backbone integrity issues ...
Info 13.04.2026  09:46 -  done.
     0.2671 seconds.
Info 13.04.2026  09:46 -  step 5 - 1crn:
     ========
       setting system pH=7.1  method=propka...
Info 13.04.2026  09:46 -  done. 0.0340 seconds.
Info 13.04.2026  09:46 -  step 6 - 1crn:
     ========
       final cleanup ...
Info 13.04.2026  09:46 -  done. 0.5493 seconds.
     molprobity scores after structure prep:
     ==============================================
Info 13.04.2026  09:47 -  ********************************************************
        STRUCTURE PREPPING < 1crn >
     ********************************************************
Info 13.04.2026  09:47 -  step 1 - 1crn 
     ========
        core mol check ....
Info 13.04.2026  09:47 -  done. 0.0003 seconds.
Info 13.04.2026  09:47 -  converting MSE to MET ....
Info 13.04.2026  09:47 -  done. 0.0001 seconds.
Info 13.04.2026  09:47 -  reorg HET residues ....
Info 13.04.2026  09:47 -  done. 0.0001 seconds.
Info 13.04.2026  09:47 -  std AA res name assignment ....
Info 13.04.2026  09:47 -  done. 0.0001 seconds.
Info 13.04.2026  09:47 -  revmoving duplicate atoms ....
Info 13.04.2026  09:47 -  done. 0.0010 seconds.
Info 13.04.2026  09:47 -  step 2 - 1crn
     ========
        assigning reference data ...
Info 13.04.2026  09:47 -  done 0.0004 seconds.
       fixing metal charges and halogens ...
Info 13.04.2026  09:47 -  done. 0.0003 seconds.
       fixing backbone connectivity ...
Info 13.04.2026  09:47 -  done. 0.0003 seconds.
       check isolated residues ...
Info 13.04.2026  09:47 -  done. 0.0003 seconds.
       checking for missing atoms ...
Info 13.04.2026  09:47 -  done.
       adding disulphide bonds ...
Info 13.04.2026  09:47 -  done.
       fixing small molecules ....
Info 13.04.2026  09:47 -  done. 0.0007 seconds.
Info 13.04.2026  09:47 -  step 3 - 1crn
     ========
        gmol: natoms=642  nHydrogens=315
Info 13.04.2026  09:47 -  adding hydrogens ...
Info 13.04.2026  09:47 -  done.
       checking bonding issues ...
Info 13.04.2026  09:47 -  done.
       adding atom types ...
Info 13.04.2026  09:47 -  done.
       adding aromaticity ...
Info 13.04.2026  09:47 -  done.
       adding sulphur charges ...
Info 13.04.2026  09:47 -  done. 0.0053 seconds.
Info 13.04.2026  09:47 -  step 4 - 1crn
     ========
       gmol: natoms=648  nHydrogens=321
Info 13.04.2026  09:47 -  reorg system ...
Info 13.04.2026  09:47 -  done.
        checking for backbone integrity issues ...
Info 13.04.2026  09:47 -  done.
     0.2628 seconds.
Info 13.04.2026  09:47 -  step 5 - 1crn:
     ========
       setting system pH=7.1  method=propka...
Info 13.04.2026  09:47 -  done. 0.0332 seconds.
Info 13.04.2026  09:47 -  step 6 - 1crn:
     ========
       final cleanup ...
Info 13.04.2026  09:47 -  done. 0.5311 seconds.
     molprobity scores after structure prep:
     ==============================================
Info 13.04.2026  09:48 -  ********************************************************
        STRUCTURE PREPPING < 1crn >
     ********************************************************
Info 13.04.2026  09:48 -  step 1 - 1crn 
     ========
        core mol check ....
Info 13.04.2026  09:48 -  done. 0.0006 seconds.
Info 13.04.2026  09:48 -  converting MSE to MET ....
Info 13.04.2026  09:48 -  done. 0.0001 seconds.
Info 13.04.2026  09:48 -  reorg HET residues ....
Info 13.04.2026  09:48 -  done. 0.0002 seconds.
Info 13.04.2026  09:48 -  std AA res name assignment ....
Info 13.04.2026  09:48 -  done. 0.0002 seconds.
Info 13.04.2026  09:48 -  revmoving duplicate atoms ....
Info 13.04.2026  09:48 -  done. 0.0011 seconds.
Info 13.04.2026  09:48 -  step 2 - 1crn
     ========
        assigning reference data ...
Info 13.04.2026  09:48 -  done 0.0004 seconds.
       fixing metal charges and halogens ...
Info 13.04.2026  09:48 -  done. 0.0003 seconds.
       fixing backbone connectivity ...
Info 13.04.2026  09:48 -  done. 0.0004 seconds.
       check isolated residues ...
Info 13.04.2026  09:48 -  done. 0.0003 seconds.
       checking for missing atoms ...
Info 13.04.2026  09:48 -  done.
       adding disulphide bonds ...
Info 13.04.2026  09:48 -  done.
       fixing small molecules ....
Info 13.04.2026  09:48 -  done. 0.0007 seconds.
Info 13.04.2026  09:48 -  step 3 - 1crn
     ========
        gmol: natoms=642  nHydrogens=315
Info 13.04.2026  09:48 -  adding hydrogens ...
Info 13.04.2026  09:48 -  done.
       checking bonding issues ...
Info 13.04.2026  09:48 -  done.
       adding atom types ...
Info 13.04.2026  09:48 -  done.
       adding aromaticity ...
Info 13.04.2026  09:48 -  done.
       adding sulphur charges ...
Info 13.04.2026  09:48 -  done. 0.0056 seconds.
Info 13.04.2026  09:48 -  step 4 - 1crn
     ========
       gmol: natoms=648  nHydrogens=321
Info 13.04.2026  09:48 -  reorg system ...
Info 13.04.2026  09:48 -  done.
        checking for backbone integrity issues ...
Info 13.04.2026  09:48 -  done.
     0.2680 seconds.
Info 13.04.2026  09:48 -  step 5 - 1crn:
     ========
       setting system pH=7.1  method=propka...
Info 13.04.2026  09:48 -  done. 0.0330 seconds.
Info 13.04.2026  09:48 -  step 6 - 1crn:
     ========
       final cleanup ...
Info 13.04.2026  09:48 -  done. 0.5383 seconds.
     molprobity scores after structure prep:
     ==============================================
Info 13.04.2026  10:36 -  ********************************************************
        STRUCTURE PREPPING < 1crn >
     ********************************************************
Info 13.04.2026  10:36 -  step 1 - 1crn 
     ========
        core mol check ....
Info 13.04.2026  10:36 -  done. 0.0004 seconds.
Info 13.04.2026  10:36 -  converting MSE to MET ....
Info 13.04.2026  10:36 -  done. 0.0001 seconds.
Info 13.04.2026  10:36 -  reorg HET residues ....
Info 13.04.2026  10:36 -  done. 0.0001 seconds.
Info 13.04.2026  10:36 -  std AA res name assignment ....
Info 13.04.2026  10:36 -  done. 0.0001 seconds.
Info 13.04.2026  10:36 -  revmoving duplicate atoms ....
Info 13.04.2026  10:36 -  done. 0.0010 seconds.
Info 13.04.2026  10:36 -  step 2 - 1crn
     ========
        assigning reference data ...
Info 13.04.2026  10:36 -  done 0.0003 seconds.
       fixing metal charges and halogens ...
Info 13.04.2026  10:36 -  done. 0.0003 seconds.
       fixing backbone connectivity ...
Info 13.04.2026  10:36 -  done. 0.0004 seconds.
       check isolated residues ...
Info 13.04.2026  10:36 -  done. 0.0003 seconds.
       checking for missing atoms ...
Info 13.04.2026  10:36 -  done.
       adding disulphide bonds ...
Info 13.04.2026  10:36 -  done.
       fixing small molecules ....
Info 13.04.2026  10:36 -  done. 0.0007 seconds.
Info 13.04.2026  10:36 -  step 3 - 1crn
     ========
        gmol: natoms=642  nHydrogens=315
Info 13.04.2026  10:36 -  adding hydrogens ...
Info 13.04.2026  10:36 -  done.
       checking bonding issues ...
Info 13.04.2026  10:36 -  done.
       adding atom types ...
Info 13.04.2026  10:36 -  done.
       adding aromaticity ...
Info 13.04.2026  10:36 -  done.
       adding sulphur charges ...
Info 13.04.2026  10:36 -  done. 0.0053 seconds.
Info 13.04.2026  10:36 -  step 4 - 1crn
     ========
       gmol: natoms=648  nHydrogens=321
Info 13.04.2026  10:36 -  reorg system ...
Info 13.04.2026  10:36 -  done.
        checking for backbone integrity issues ...
Info 13.04.2026  10:36 -  done.
     0.2719 seconds.
Info 13.04.2026  10:36 -  step 5 - 1crn:
     ========
       setting system pH=7.1  method=propka...
Info 13.04.2026  10:36 -  done. 0.0377 seconds.
Info 13.04.2026  10:36 -  step 6 - 1crn:
     ========
       final cleanup ...
Info 13.04.2026  10:36 -  done. 0.5494 seconds.
     molprobity scores after structure prep:
     ==============================================
Info 13.04.2026  10:39 -  ********************************************************
        STRUCTURE PREPPING < 1crn >
     ********************************************************
Info 13.04.2026  10:39 -  step 1 - 1crn 
     ========
        core mol check ....
Info 13.04.2026  10:39 -  done. 0.0004 seconds.
Info 13.04.2026  10:39 -  converting MSE to MET ....
Info 13.04.2026  10:39 -  done. 0.0001 seconds.
Info 13.04.2026  10:39 -  reorg HET residues ....
Info 13.04.2026  10:39 -  done. 0.0001 seconds.
Info 13.04.2026  10:39 -  std AA res name assignment ....
Info 13.04.2026  10:39 -  done. 0.0001 seconds.
Info 13.04.2026  10:39 -  revmoving duplicate atoms ....
Info 13.04.2026  10:39 -  done. 0.0010 seconds.
Info 13.04.2026  10:39 -  step 2 - 1crn
     ========
        assigning reference data ...
Info 13.04.2026  10:39 -  done 0.0003 seconds.
       fixing metal charges and halogens ...
Info 13.04.2026  10:39 -  done. 0.0003 seconds.
       fixing backbone connectivity ...
Info 13.04.2026  10:39 -  done. 0.0004 seconds.
       check isolated residues ...
Info 13.04.2026  10:39 -  done. 0.0003 seconds.
       checking for missing atoms ...
Info 13.04.2026  10:39 -  done.
       adding disulphide bonds ...
Info 13.04.2026  10:39 -  done.
       fixing small molecules ....
Info 13.04.2026  10:39 -  done. 0.0008 seconds.
Info 13.04.2026  10:39 -  step 3 - 1crn
     ========
        gmol: natoms=642  nHydrogens=315
Info 13.04.2026  10:39 -  adding hydrogens ...
Info 13.04.2026  10:39 -  done.
       checking bonding issues ...
Info 13.04.2026  10:39 -  done.
       adding atom types ...
Info 13.04.2026  10:39 -  done.
       adding aromaticity ...
Info 13.04.2026  10:39 -  done.
       adding sulphur charges ...
Info 13.04.2026  10:39 -  done. 0.0055 seconds.
Info 13.04.2026  10:39 -  step 4 - 1crn
     ========
       gmol: natoms=648  nHydrogens=321
Info 13.04.2026  10:39 -  reorg system ...
Info 13.04.2026  10:39 -  done.
        checking for backbone integrity issues ...
Info 13.04.2026  10:39 -  done.
     0.2563 seconds.
Info 13.04.2026  10:39 -  step 5 - 1crn:
     ========
       setting system pH=7.1  method=propka...
Info 13.04.2026  10:39 -  done. 0.0326 seconds.
Info 13.04.2026  10:39 -  step 6 - 1crn:
     ========
       final cleanup ...
Info 13.04.2026  10:39 -  done. 0.5211 seconds.
     molprobity scores after structure prep:
     ==============================================
Info 13.04.2026  10:41 -  ********************************************************
        STRUCTURE PREPPING < 1crn >
     ********************************************************
Info 13.04.2026  10:41 -  step 1 - 1crn 
     ========
        core mol check ....
Info 13.04.2026  10:41 -  done. 0.0004 seconds.
Info 13.04.2026  10:41 -  converting MSE to MET ....
Info 13.04.2026  10:41 -  done. 0.0001 seconds.
Info 13.04.2026  10:41 -  reorg HET residues ....
Info 13.04.2026  10:41 -  done. 0.0001 seconds.
Info 13.04.2026  10:41 -  std AA res name assignment ....
Info 13.04.2026  10:41 -  done. 0.0001 seconds.
Info 13.04.2026  10:41 -  revmoving duplicate atoms ....
Info 13.04.2026  10:41 -  done. 0.0010 seconds.
Info 13.04.2026  10:41 -  step 2 - 1crn
     ========
        assigning reference data ...
Info 13.04.2026  10:41 -  done 0.0004 seconds.
       fixing metal charges and halogens ...
Info 13.04.2026  10:41 -  done. 0.0003 seconds.
       fixing backbone connectivity ...
Info 13.04.2026  10:41 -  done. 0.0004 seconds.
       check isolated residues ...
Info 13.04.2026  10:41 -  done. 0.0003 seconds.
       checking for missing atoms ...
Info 13.04.2026  10:41 -  done.
       adding disulphide bonds ...
Info 13.04.2026  10:41 -  done.
       fixing small molecules ....
Info 13.04.2026  10:41 -  done. 0.0007 seconds.
Info 13.04.2026  10:41 -  step 3 - 1crn
     ========
        gmol: natoms=642  nHydrogens=315
Info 13.04.2026  10:41 -  adding hydrogens ...
Info 13.04.2026  10:41 -  done.
       checking bonding issues ...
Info 13.04.2026  10:41 -  done.
       adding atom types ...
Info 13.04.2026  10:41 -  done.
       adding aromaticity ...
Info 13.04.2026  10:41 -  done.
       adding sulphur charges ...
Info 13.04.2026  10:41 -  done. 0.0054 seconds.
Info 13.04.2026  10:41 -  step 4 - 1crn
     ========
       gmol: natoms=648  nHydrogens=321
Info 13.04.2026  10:41 -  reorg system ...
Info 13.04.2026  10:41 -  done.
        checking for backbone integrity issues ...
Info 13.04.2026  10:41 -  done.
     0.2577 seconds.
Info 13.04.2026  10:41 -  step 5 - 1crn:
     ========
       setting system pH=7.1  method=propka...
Info 13.04.2026  10:41 -  done. 0.0320 seconds.
Info 13.04.2026  10:41 -  step 6 - 1crn:
     ========
       final cleanup ...
Info 13.04.2026  10:41 -  done. 0.5418 seconds.
     molprobity scores after structure prep:
     ==============================================
Info 13.04.2026  10:46 -  ********************************************************
        STRUCTURE PREPPING < 1crn >
     ********************************************************
Info 13.04.2026  10:46 -  step 1 - 1crn 
     ========
        core mol check ....
Info 13.04.2026  10:46 -  done. 0.0004 seconds.
Info 13.04.2026  10:46 -  converting MSE to MET ....
Info 13.04.2026  10:46 -  done. 0.0001 seconds.
Info 13.04.2026  10:46 -  reorg HET residues ....
Info 13.04.2026  10:46 -  done. 0.0001 seconds.
Info 13.04.2026  10:46 -  std AA res name assignment ....
Info 13.04.2026  10:46 -  done. 0.0001 seconds.
Info 13.04.2026  10:46 -  revmoving duplicate atoms ....
Info 13.04.2026  10:46 -  done. 0.0011 seconds.
Info 13.04.2026  10:46 -  step 2 - 1crn
     ========
        assigning reference data ...
Info 13.04.2026  10:46 -  done 0.0004 seconds.
       fixing metal charges and halogens ...
Info 13.04.2026  10:46 -  done. 0.0003 seconds.
       fixing backbone connectivity ...
Info 13.04.2026  10:46 -  done. 0.0004 seconds.
       check isolated residues ...
Info 13.04.2026  10:46 -  done. 0.0003 seconds.
       checking for missing atoms ...
Info 13.04.2026  10:46 -  done.
       adding disulphide bonds ...
Info 13.04.2026  10:46 -  done.
       fixing small molecules ....
Info 13.04.2026  10:46 -  done. 0.0009 seconds.
Info 13.04.2026  10:46 -  step 3 - 1crn
     ========
        gmol: natoms=642  nHydrogens=315
Info 13.04.2026  10:46 -  adding hydrogens ...
Info 13.04.2026  10:46 -  done.
       checking bonding issues ...
Info 13.04.2026  10:46 -  done.
       adding atom types ...
Info 13.04.2026  10:46 -  done.
       adding aromaticity ...
Info 13.04.2026  10:46 -  done.
       adding sulphur charges ...
Info 13.04.2026  10:46 -  done. 0.0058 seconds.
Info 13.04.2026  10:46 -  step 4 - 1crn
     ========
       gmol: natoms=648  nHydrogens=321
Info 13.04.2026  10:46 -  reorg system ...
Info 13.04.2026  10:46 -  done.
        checking for backbone integrity issues ...
Info 13.04.2026  10:46 -  done.
     0.2636 seconds.
Info 13.04.2026  10:46 -  step 5 - 1crn:
     ========
       setting system pH=7.1  method=propka...
Info 13.04.2026  10:46 -  done. 0.0322 seconds.
Info 13.04.2026  10:46 -  step 6 - 1crn:
     ========
       final cleanup ...
Info 13.04.2026  10:46 -  done. 0.5237 seconds.
     molprobity scores after structure prep:
     ==============================================
Info 13.04.2026  10:50 -  ********************************************************
        STRUCTURE PREPPING < 1crn >
     ********************************************************
Info 13.04.2026  10:50 -  step 1 - 1crn 
     ========
        core mol check ....
Info 13.04.2026  10:50 -  done. 0.0004 seconds.
Info 13.04.2026  10:50 -  converting MSE to MET ....
Info 13.04.2026  10:50 -  done. 0.0001 seconds.
Info 13.04.2026  10:50 -  reorg HET residues ....
Info 13.04.2026  10:50 -  done. 0.0001 seconds.
Info 13.04.2026  10:50 -  std AA res name assignment ....
Info 13.04.2026  10:50 -  done. 0.0001 seconds.
Info 13.04.2026  10:50 -  revmoving duplicate atoms ....
Info 13.04.2026  10:50 -  done. 0.0010 seconds.
Info 13.04.2026  10:50 -  step 2 - 1crn
     ========
        assigning reference data ...
Info 13.04.2026  10:50 -  done 0.0003 seconds.
       fixing metal charges and halogens ...
Info 13.04.2026  10:50 -  done. 0.0003 seconds.
       fixing backbone connectivity ...
Info 13.04.2026  10:50 -  done. 0.0003 seconds.
       check isolated residues ...
Info 13.04.2026  10:50 -  done. 0.0003 seconds.
       checking for missing atoms ...
Info 13.04.2026  10:50 -  done.
       adding disulphide bonds ...
Info 13.04.2026  10:50 -  done.
       fixing small molecules ....
Info 13.04.2026  10:50 -  done. 0.0008 seconds.
Info 13.04.2026  10:50 -  step 3 - 1crn
     ========
        gmol: natoms=642  nHydrogens=315
Info 13.04.2026  10:50 -  adding hydrogens ...
Info 13.04.2026  10:50 -  done.
       checking bonding issues ...
Info 13.04.2026  10:50 -  done.
       adding atom types ...
Info 13.04.2026  10:50 -  done.
       adding aromaticity ...
Info 13.04.2026  10:50 -  done.
       adding sulphur charges ...
Info 13.04.2026  10:50 -  done. 0.0055 seconds.
Info 13.04.2026  10:50 -  step 4 - 1crn
     ========
       gmol: natoms=648  nHydrogens=321
Info 13.04.2026  10:50 -  reorg system ...
Info 13.04.2026  10:50 -  done.
        checking for backbone integrity issues ...
Info 13.04.2026  10:50 -  done.
     0.2513 seconds.
Info 13.04.2026  10:50 -  step 5 - 1crn:
     ========
       setting system pH=7.1  method=propka...
Info 13.04.2026  10:50 -  done. 0.0322 seconds.
Info 13.04.2026  10:50 -  step 6 - 1crn:
     ========
       final cleanup ...
Info 13.04.2026  10:50 -  done. 0.5131 seconds.
     molprobity scores after structure prep:
     ==============================================