
Info 10.04.2026  12:30 -  ********************************************************
        STRUCTURE PREPPING < todel >
     ********************************************************
Info 10.04.2026  12:30 -  step 1 - todel 
     ========
        core mol check ....
Info 10.04.2026  12:30 -  done. 0.0055 seconds.
Info 10.04.2026  12:30 -  converting MSE to MET ....
Info 10.04.2026  12:30 -  done. 0.0004 seconds.
Info 10.04.2026  12:30 -  reorg HET residues ....
Info 10.04.2026  12:30 -  done. 0.0008 seconds.
Info 10.04.2026  12:30 -  std AA res name assignment ....
Info 10.04.2026  12:30 -  done. 0.0011 seconds.
Info 10.04.2026  12:30 -  revmoving duplicate atoms ....
Info 10.04.2026  12:30 -  done. 0.0158 seconds.
Info 10.04.2026  12:30 -  step 2 - todel
     ========
        assigning reference data ...
Info 10.04.2026  12:30 -  done 0.0042 seconds.
       fixing metal charges and halogens ...
Info 10.04.2026  12:30 -  done. 0.0046 seconds.
       fixing backbone connectivity ...
Info 10.04.2026  12:30 -  done. 0.0039 seconds.
       check isolated residues ...
Info 10.04.2026  12:30 -  done. 0.0045 seconds.
       checking for missing atoms ...
Info 10.04.2026  12:30 -  done.
       adding disulphide bonds ...
Info 10.04.2026  12:30 -  done.
       fixing small molecules ....
Info 10.04.2026  12:30 -  done. 1.1535 seconds.
Info 10.04.2026  12:30 -  step 3 - todel
     ========
        gmol: natoms=8068  nHydrogens=3967
Info 10.04.2026  12:30 -  adding hydrogens ...
Info 10.04.2026  12:30 -  done.
       checking bonding issues ...
Info 10.04.2026  12:30 -  done.
       adding atom types ...
Info 10.04.2026  12:30 -  done.
       adding aromaticity ...
Info 10.04.2026  12:30 -  done.
       adding sulphur charges ...
Info 10.04.2026  12:30 -  done. 0.0944 seconds.
Info 10.04.2026  12:30 -  step 4 - todel
     ========
       gmol: natoms=8089  nHydrogens=3988
Info 10.04.2026  12:30 -  reorg system ...
Info 10.04.2026  12:30 -  done.
        checking for backbone integrity issues ...
Info 10.04.2026  12:30 -  done.
     0.0116 seconds.
Info 10.04.2026  12:30 -  step 5 - todel:
     ========
       setting system pH=7.1  method=propka...
Info 10.04.2026  12:30 -  done. 0.7904 seconds.
Info 10.04.2026  12:30 -  step 6 - todel:
     ========
       final cleanup ...
Info 10.04.2026  12:30 -  done. 0.8348 seconds.
     molprobity scores after structure prep:
     ==============================================
Info 10.04.2026  17:36 -  mPrepStructure: invalid mol input!
Info 10.04.2026  17:36 -  ********************************************************
        STRUCTURE PREPPING < 1crn >
     ********************************************************
Info 10.04.2026  17:36 -  step 1 - 1crn 
     ========
        core mol check ....
Info 10.04.2026  17:36 -  done. 0.0004 seconds.
Info 10.04.2026  17:36 -  converting MSE to MET ....
Info 10.04.2026  17:36 -  done. 0.0001 seconds.
Info 10.04.2026  17:36 -  reorg HET residues ....
Info 10.04.2026  17:36 -  done. 0.0001 seconds.
Info 10.04.2026  17:36 -  std AA res name assignment ....
Info 10.04.2026  17:36 -  done. 0.0001 seconds.
Info 10.04.2026  17:36 -  revmoving duplicate atoms ....
Info 10.04.2026  17:36 -  done. 0.0010 seconds.
Info 10.04.2026  17:36 -  step 2 - 1crn
     ========
        assigning reference data ...
Info 10.04.2026  17:36 -  done 0.0004 seconds.
       fixing metal charges and halogens ...
Info 10.04.2026  17:36 -  done. 0.0003 seconds.
       fixing backbone connectivity ...
Info 10.04.2026  17:36 -  done. 0.0004 seconds.
       check isolated residues ...
Info 10.04.2026  17:36 -  done. 0.0003 seconds.
       checking for missing atoms ...
Info 10.04.2026  17:36 -  done.
       adding disulphide bonds ...
Info 10.04.2026  17:36 -  done.
       fixing small molecules ....
Info 10.04.2026  17:36 -  done. 0.0008 seconds.
Info 10.04.2026  17:36 -  step 3 - 1crn
     ========
        gmol: natoms=642  nHydrogens=315
Info 10.04.2026  17:36 -  adding hydrogens ...
Info 10.04.2026  17:36 -  done.
       checking bonding issues ...
Info 10.04.2026  17:36 -  done.
       adding atom types ...
Info 10.04.2026  17:36 -  done.
       adding aromaticity ...
Info 10.04.2026  17:36 -  done.
       adding sulphur charges ...
Info 10.04.2026  17:36 -  done. 0.0056 seconds.
Info 10.04.2026  17:36 -  step 4 - 1crn
     ========
       gmol: natoms=648  nHydrogens=321
Info 10.04.2026  17:36 -  reorg system ...
Info 10.04.2026  17:36 -  done.
        checking for backbone integrity issues ...
Info 10.04.2026  17:36 -  done.
     0.2601 seconds.
Info 10.04.2026  17:36 -  step 5 - 1crn:
     ========
       setting system pH=7.1  method=propka...
Info 10.04.2026  17:36 -  done. 0.0333 seconds.
Info 10.04.2026  17:36 -  step 6 - 1crn:
     ========
       final cleanup ...
Info 10.04.2026  17:36 -  done. 0.5300 seconds.
     molprobity scores after structure prep:
     ==============================================
Info 10.04.2026  17:39 -  ********************************************************
        STRUCTURE PREPPING < 1crn >
     ********************************************************
Info 10.04.2026  17:39 -  step 1 - 1crn 
     ========
        core mol check ....
Info 10.04.2026  17:39 -  done. 0.0004 seconds.
Info 10.04.2026  17:39 -  converting MSE to MET ....
Info 10.04.2026  17:39 -  done. 0.0001 seconds.
Info 10.04.2026  17:39 -  reorg HET residues ....
Info 10.04.2026  17:39 -  done. 0.0001 seconds.
Info 10.04.2026  17:39 -  std AA res name assignment ....
Info 10.04.2026  17:39 -  done. 0.0001 seconds.
Info 10.04.2026  17:39 -  revmoving duplicate atoms ....
Info 10.04.2026  17:39 -  done. 0.0010 seconds.
Info 10.04.2026  17:39 -  step 2 - 1crn
     ========
        assigning reference data ...
Info 10.04.2026  17:39 -  done 0.0004 seconds.
       fixing metal charges and halogens ...
Info 10.04.2026  17:39 -  done. 0.0003 seconds.
       fixing backbone connectivity ...
Info 10.04.2026  17:39 -  done. 0.0004 seconds.
       check isolated residues ...
Info 10.04.2026  17:39 -  done. 0.0003 seconds.
       checking for missing atoms ...
Info 10.04.2026  17:39 -  done.
       adding disulphide bonds ...
Info 10.04.2026  17:39 -  done.
       fixing small molecules ....
Info 10.04.2026  17:39 -  done. 0.0008 seconds.
Info 10.04.2026  17:39 -  step 3 - 1crn
     ========
        gmol: natoms=642  nHydrogens=315
Info 10.04.2026  17:39 -  adding hydrogens ...
Info 10.04.2026  17:39 -  done.
       checking bonding issues ...
Info 10.04.2026  17:39 -  done.
       adding atom types ...
Info 10.04.2026  17:39 -  done.
       adding aromaticity ...
Info 10.04.2026  17:39 -  done.
       adding sulphur charges ...
Info 10.04.2026  17:39 -  done. 0.0059 seconds.
Info 10.04.2026  17:39 -  step 4 - 1crn
     ========
       gmol: natoms=648  nHydrogens=321
Info 10.04.2026  17:39 -  reorg system ...
Info 10.04.2026  17:39 -  done.
        checking for backbone integrity issues ...
Info 10.04.2026  17:39 -  done.
     0.2574 seconds.
Info 10.04.2026  17:39 -  step 5 - 1crn:
     ========
       setting system pH=7.1  method=propka...
Info 10.04.2026  17:39 -  done. 0.0335 seconds.
Info 10.04.2026  17:39 -  step 6 - 1crn:
     ========
       final cleanup ...
Info 10.04.2026  17:39 -  done. 0.5539 seconds.
     molprobity scores after structure prep:
     ==============================================
Info 10.04.2026  17:40 -  ********************************************************
        STRUCTURE PREPPING < 1crn >
     ********************************************************
Info 10.04.2026  17:40 -  step 1 - 1crn 
     ========
        core mol check ....
Info 10.04.2026  17:40 -  done. 0.0004 seconds.
Info 10.04.2026  17:40 -  converting MSE to MET ....
Info 10.04.2026  17:40 -  done. 0.0001 seconds.
Info 10.04.2026  17:40 -  reorg HET residues ....
Info 10.04.2026  17:40 -  done. 0.0001 seconds.
Info 10.04.2026  17:40 -  std AA res name assignment ....
Info 10.04.2026  17:40 -  done. 0.0001 seconds.
Info 10.04.2026  17:40 -  revmoving duplicate atoms ....
Info 10.04.2026  17:40 -  done. 0.0010 seconds.
Info 10.04.2026  17:40 -  step 2 - 1crn
     ========
        assigning reference data ...
Info 10.04.2026  17:40 -  done 0.0004 seconds.
       fixing metal charges and halogens ...
Info 10.04.2026  17:40 -  done. 0.0003 seconds.
       fixing backbone connectivity ...
Info 10.04.2026  17:40 -  done. 0.0004 seconds.
       check isolated residues ...
Info 10.04.2026  17:40 -  done. 0.0003 seconds.
       checking for missing atoms ...
Info 10.04.2026  17:40 -  done.
       adding disulphide bonds ...
Info 10.04.2026  17:40 -  done.
       fixing small molecules ....
Info 10.04.2026  17:40 -  done. 0.0008 seconds.
Info 10.04.2026  17:40 -  step 3 - 1crn
     ========
        gmol: natoms=642  nHydrogens=315
Info 10.04.2026  17:40 -  adding hydrogens ...
Info 10.04.2026  17:40 -  done.
       checking bonding issues ...
Info 10.04.2026  17:40 -  done.
       adding atom types ...
Info 10.04.2026  17:40 -  done.
       adding aromaticity ...
Info 10.04.2026  17:40 -  done.
       adding sulphur charges ...
Info 10.04.2026  17:40 -  done. 0.0055 seconds.
Info 10.04.2026  17:40 -  step 4 - 1crn
     ========
       gmol: natoms=648  nHydrogens=321
Info 10.04.2026  17:40 -  reorg system ...
Info 10.04.2026  17:40 -  done.
        checking for backbone integrity issues ...
Info 10.04.2026  17:40 -  done.
     0.2627 seconds.
Info 10.04.2026  17:40 -  step 5 - 1crn:
     ========
       setting system pH=7.1  method=propka...
Info 10.04.2026  17:40 -  done. 0.0327 seconds.
Info 10.04.2026  17:40 -  step 6 - 1crn:
     ========
       final cleanup ...
Info 10.04.2026  17:40 -  done. 0.5306 seconds.
     molprobity scores after structure prep:
     ==============================================
Info 10.04.2026  17:42 -  ********************************************************
        STRUCTURE PREPPING < 1crn >
     ********************************************************
Info 10.04.2026  17:42 -  step 1 - 1crn 
     ========
        core mol check ....
Info 10.04.2026  17:42 -  done. 0.0004 seconds.
Info 10.04.2026  17:42 -  converting MSE to MET ....
Info 10.04.2026  17:42 -  done. 0.0001 seconds.
Info 10.04.2026  17:42 -  reorg HET residues ....
Info 10.04.2026  17:42 -  done. 0.0001 seconds.
Info 10.04.2026  17:42 -  std AA res name assignment ....
Info 10.04.2026  17:42 -  done. 0.0001 seconds.
Info 10.04.2026  17:42 -  revmoving duplicate atoms ....
Info 10.04.2026  17:42 -  done. 0.0010 seconds.
Info 10.04.2026  17:42 -  step 2 - 1crn
     ========
        assigning reference data ...
Info 10.04.2026  17:42 -  done 0.0003 seconds.
       fixing metal charges and halogens ...
Info 10.04.2026  17:42 -  done. 0.0003 seconds.
       fixing backbone connectivity ...
Info 10.04.2026  17:42 -  done. 0.0004 seconds.
       check isolated residues ...
Info 10.04.2026  17:42 -  done. 0.0003 seconds.
       checking for missing atoms ...
Info 10.04.2026  17:42 -  done.
       adding disulphide bonds ...
Info 10.04.2026  17:42 -  done.
       fixing small molecules ....
Info 10.04.2026  17:42 -  done. 0.0008 seconds.
Info 10.04.2026  17:42 -  step 3 - 1crn
     ========
        gmol: natoms=642  nHydrogens=315
Info 10.04.2026  17:42 -  adding hydrogens ...
Info 10.04.2026  17:42 -  done.
       checking bonding issues ...
Info 10.04.2026  17:42 -  done.
       adding atom types ...
Info 10.04.2026  17:42 -  done.
       adding aromaticity ...
Info 10.04.2026  17:42 -  done.
       adding sulphur charges ...
Info 10.04.2026  17:42 -  done. 0.0054 seconds.
Info 10.04.2026  17:42 -  step 4 - 1crn
     ========
       gmol: natoms=648  nHydrogens=321
Info 10.04.2026  17:42 -  reorg system ...
Info 10.04.2026  17:42 -  done.
        checking for backbone integrity issues ...
Info 10.04.2026  17:42 -  done.
     0.2580 seconds.
Info 10.04.2026  17:42 -  step 5 - 1crn:
     ========
       setting system pH=7.1  method=propka...
Info 10.04.2026  17:42 -  done. 0.0327 seconds.
Info 10.04.2026  17:42 -  step 6 - 1crn:
     ========
       final cleanup ...
Info 10.04.2026  17:42 -  done. 0.5154 seconds.
     molprobity scores after structure prep:
     ==============================================
Info 10.04.2026  17:48 -  ********************************************************
        STRUCTURE PREPPING < 1crn >
     ********************************************************
Info 10.04.2026  17:48 -  step 1 - 1crn 
     ========
        core mol check ....
Info 10.04.2026  17:48 -  done. 0.0004 seconds.
Info 10.04.2026  17:48 -  converting MSE to MET ....
Info 10.04.2026  17:48 -  done. 0.0001 seconds.
Info 10.04.2026  17:48 -  reorg HET residues ....
Info 10.04.2026  17:48 -  done. 0.0001 seconds.
Info 10.04.2026  17:48 -  std AA res name assignment ....
Info 10.04.2026  17:48 -  done. 0.0001 seconds.
Info 10.04.2026  17:48 -  revmoving duplicate atoms ....
Info 10.04.2026  17:48 -  done. 0.0010 seconds.
Info 10.04.2026  17:48 -  step 2 - 1crn
     ========
        assigning reference data ...
Info 10.04.2026  17:48 -  done 0.0004 seconds.
       fixing metal charges and halogens ...
Info 10.04.2026  17:48 -  done. 0.0003 seconds.
       fixing backbone connectivity ...
Info 10.04.2026  17:48 -  done. 0.0003 seconds.
       check isolated residues ...
Info 10.04.2026  17:48 -  done. 0.0003 seconds.
       checking for missing atoms ...
Info 10.04.2026  17:48 -  done.
       adding disulphide bonds ...
Info 10.04.2026  17:48 -  done.
       fixing small molecules ....
Info 10.04.2026  17:48 -  done. 0.0008 seconds.
Info 10.04.2026  17:48 -  step 3 - 1crn
     ========
        gmol: natoms=642  nHydrogens=315
Info 10.04.2026  17:48 -  adding hydrogens ...
Info 10.04.2026  17:48 -  done.
       checking bonding issues ...
Info 10.04.2026  17:48 -  done.
       adding atom types ...
Info 10.04.2026  17:48 -  done.
       adding aromaticity ...
Info 10.04.2026  17:48 -  done.
       adding sulphur charges ...
Info 10.04.2026  17:48 -  done. 0.0056 seconds.
Info 10.04.2026  17:48 -  step 4 - 1crn
     ========
       gmol: natoms=648  nHydrogens=321
Info 10.04.2026  17:48 -  reorg system ...
Info 10.04.2026  17:48 -  done.
        checking for backbone integrity issues ...
Info 10.04.2026  17:48 -  done.
     0.2617 seconds.
Info 10.04.2026  17:48 -  step 5 - 1crn:
     ========
       setting system pH=7.1  method=propka...
Info 10.04.2026  17:48 -  done. 0.0332 seconds.
Info 10.04.2026  17:48 -  step 6 - 1crn:
     ========
       final cleanup ...
Info 10.04.2026  17:48 -  done. 0.5217 seconds.
     molprobity scores after structure prep:
     ==============================================
Info 10.04.2026  17:49 -  ********************************************************
        STRUCTURE PREPPING < 1crn >
     ********************************************************
Info 10.04.2026  17:49 -  step 1 - 1crn 
     ========
        core mol check ....
Info 10.04.2026  17:49 -  done. 0.0004 seconds.
Info 10.04.2026  17:49 -  converting MSE to MET ....
Info 10.04.2026  17:49 -  done. 0.0001 seconds.
Info 10.04.2026  17:49 -  reorg HET residues ....
Info 10.04.2026  17:49 -  done. 0.0001 seconds.
Info 10.04.2026  17:49 -  std AA res name assignment ....
Info 10.04.2026  17:49 -  done. 0.0001 seconds.
Info 10.04.2026  17:49 -  revmoving duplicate atoms ....
Info 10.04.2026  17:49 -  done. 0.0010 seconds.
Info 10.04.2026  17:49 -  step 2 - 1crn
     ========
        assigning reference data ...
Info 10.04.2026  17:49 -  done 0.0003 seconds.
       fixing metal charges and halogens ...
Info 10.04.2026  17:49 -  done. 0.0003 seconds.
       fixing backbone connectivity ...
Info 10.04.2026  17:49 -  done. 0.0004 seconds.
       check isolated residues ...
Info 10.04.2026  17:49 -  done. 0.0003 seconds.
       checking for missing atoms ...
Info 10.04.2026  17:49 -  done.
       adding disulphide bonds ...
Info 10.04.2026  17:49 -  done.
       fixing small molecules ....
Info 10.04.2026  17:49 -  done. 0.0008 seconds.
Info 10.04.2026  17:49 -  step 3 - 1crn
     ========
        gmol: natoms=642  nHydrogens=315
Info 10.04.2026  17:49 -  adding hydrogens ...
Info 10.04.2026  17:49 -  done.
       checking bonding issues ...
Info 10.04.2026  17:49 -  done.
       adding atom types ...
Info 10.04.2026  17:49 -  done.
       adding aromaticity ...
Info 10.04.2026  17:49 -  done.
       adding sulphur charges ...
Info 10.04.2026  17:49 -  done. 0.0054 seconds.
Info 10.04.2026  17:49 -  step 4 - 1crn
     ========
       gmol: natoms=648  nHydrogens=321
Info 10.04.2026  17:49 -  reorg system ...
Info 10.04.2026  17:49 -  done.
        checking for backbone integrity issues ...
Info 10.04.2026  17:49 -  done.
     0.2622 seconds.
Info 10.04.2026  17:49 -  step 5 - 1crn:
     ========
       setting system pH=7.1  method=propka...
Info 10.04.2026  17:49 -  done. 0.0327 seconds.
Info 10.04.2026  17:49 -  step 6 - 1crn:
     ========
       final cleanup ...
Info 10.04.2026  17:49 -  done. 0.5316 seconds.
     molprobity scores after structure prep:
     ==============================================
Info 10.04.2026  17:52 -  ********************************************************
        STRUCTURE PREPPING < 1crn >
     ********************************************************
Info 10.04.2026  17:52 -  step 1 - 1crn 
     ========
        core mol check ....
Info 10.04.2026  17:52 -  done. 0.0004 seconds.
Info 10.04.2026  17:52 -  converting MSE to MET ....
Info 10.04.2026  17:52 -  done. 0.0001 seconds.
Info 10.04.2026  17:52 -  reorg HET residues ....
Info 10.04.2026  17:52 -  done. 0.0001 seconds.
Info 10.04.2026  17:52 -  std AA res name assignment ....
Info 10.04.2026  17:52 -  done. 0.0001 seconds.
Info 10.04.2026  17:52 -  revmoving duplicate atoms ....
Info 10.04.2026  17:52 -  done. 0.0010 seconds.
Info 10.04.2026  17:52 -  step 2 - 1crn
     ========
        assigning reference data ...
Info 10.04.2026  17:52 -  done 0.0004 seconds.
       fixing metal charges and halogens ...
Info 10.04.2026  17:52 -  done. 0.0003 seconds.
       fixing backbone connectivity ...
Info 10.04.2026  17:52 -  done. 0.0004 seconds.
       check isolated residues ...
Info 10.04.2026  17:52 -  done. 0.0003 seconds.
       checking for missing atoms ...
Info 10.04.2026  17:52 -  done.
       adding disulphide bonds ...
Info 10.04.2026  17:52 -  done.
       fixing small molecules ....
Info 10.04.2026  17:52 -  done. 0.0008 seconds.
Info 10.04.2026  17:52 -  step 3 - 1crn
     ========
        gmol: natoms=642  nHydrogens=315
Info 10.04.2026  17:52 -  adding hydrogens ...
Info 10.04.2026  17:52 -  done.
       checking bonding issues ...
Info 10.04.2026  17:52 -  done.
       adding atom types ...
Info 10.04.2026  17:52 -  done.
       adding aromaticity ...
Info 10.04.2026  17:52 -  done.
       adding sulphur charges ...
Info 10.04.2026  17:52 -  done. 0.0054 seconds.
Info 10.04.2026  17:52 -  step 4 - 1crn
     ========
       gmol: natoms=648  nHydrogens=321
Info 10.04.2026  17:52 -  reorg system ...
Info 10.04.2026  17:52 -  done.
        checking for backbone integrity issues ...
Info 10.04.2026  17:52 -  done.
     0.2596 seconds.
Info 10.04.2026  17:52 -  step 5 - 1crn:
     ========
       setting system pH=7.1  method=propka...
Info 10.04.2026  17:52 -  done. 0.0343 seconds.
Info 10.04.2026  17:52 -  step 6 - 1crn:
     ========
       final cleanup ...
Info 10.04.2026  17:52 -  done. 0.5400 seconds.
     molprobity scores after structure prep:
     ==============================================
Info 10.04.2026  17:53 -  ********************************************************
        STRUCTURE PREPPING < 1crn >
     ********************************************************
Info 10.04.2026  17:53 -  step 1 - 1crn 
     ========
        core mol check ....
Info 10.04.2026  17:53 -  done. 0.0004 seconds.
Info 10.04.2026  17:53 -  converting MSE to MET ....
Info 10.04.2026  17:53 -  done. 0.0001 seconds.
Info 10.04.2026  17:53 -  reorg HET residues ....
Info 10.04.2026  17:53 -  done. 0.0001 seconds.
Info 10.04.2026  17:53 -  std AA res name assignment ....
Info 10.04.2026  17:53 -  done. 0.0001 seconds.
Info 10.04.2026  17:53 -  revmoving duplicate atoms ....
Info 10.04.2026  17:53 -  done. 0.0010 seconds.
Info 10.04.2026  17:53 -  step 2 - 1crn
     ========
        assigning reference data ...
Info 10.04.2026  17:53 -  done 0.0004 seconds.
       fixing metal charges and halogens ...
Info 10.04.2026  17:53 -  done. 0.0003 seconds.
       fixing backbone connectivity ...
Info 10.04.2026  17:53 -  done. 0.0004 seconds.
       check isolated residues ...
Info 10.04.2026  17:53 -  done. 0.0003 seconds.
       checking for missing atoms ...
Info 10.04.2026  17:53 -  done.
       adding disulphide bonds ...
Info 10.04.2026  17:53 -  done.
       fixing small molecules ....
Info 10.04.2026  17:53 -  done. 0.0008 seconds.
Info 10.04.2026  17:53 -  step 3 - 1crn
     ========
        gmol: natoms=642  nHydrogens=315
Info 10.04.2026  17:53 -  adding hydrogens ...
Info 10.04.2026  17:53 -  done.
       checking bonding issues ...
Info 10.04.2026  17:53 -  done.
       adding atom types ...
Info 10.04.2026  17:53 -  done.
       adding aromaticity ...
Info 10.04.2026  17:53 -  done.
       adding sulphur charges ...
Info 10.04.2026  17:53 -  done. 0.0057 seconds.
Info 10.04.2026  17:53 -  step 4 - 1crn
     ========
       gmol: natoms=648  nHydrogens=321
Info 10.04.2026  17:53 -  reorg system ...
Info 10.04.2026  17:53 -  done.
        checking for backbone integrity issues ...
Info 10.04.2026  17:53 -  done.
     0.2644 seconds.
Info 10.04.2026  17:53 -  step 5 - 1crn:
     ========
       setting system pH=7.1  method=propka...
Info 10.04.2026  17:53 -  done. 0.0333 seconds.
Info 10.04.2026  17:53 -  step 6 - 1crn:
     ========
       final cleanup ...
Info 10.04.2026  17:53 -  done. 0.5455 seconds.
     molprobity scores after structure prep:
     ==============================================
Info 10.04.2026  17:54 -  ********************************************************
        STRUCTURE PREPPING < 1crn >
     ********************************************************
Info 10.04.2026  17:54 -  step 1 - 1crn 
     ========
        core mol check ....
Info 10.04.2026  17:54 -  done. 0.0004 seconds.
Info 10.04.2026  17:54 -  converting MSE to MET ....
Info 10.04.2026  17:54 -  done. 0.0001 seconds.
Info 10.04.2026  17:54 -  reorg HET residues ....
Info 10.04.2026  17:54 -  done. 0.0001 seconds.
Info 10.04.2026  17:54 -  std AA res name assignment ....
Info 10.04.2026  17:54 -  done. 0.0001 seconds.
Info 10.04.2026  17:54 -  revmoving duplicate atoms ....
Info 10.04.2026  17:54 -  done. 0.0010 seconds.
Info 10.04.2026  17:54 -  step 2 - 1crn
     ========
        assigning reference data ...
Info 10.04.2026  17:54 -  done 0.0004 seconds.
       fixing metal charges and halogens ...
Info 10.04.2026  17:54 -  done. 0.0003 seconds.
       fixing backbone connectivity ...
Info 10.04.2026  17:54 -  done. 0.0004 seconds.
       check isolated residues ...
Info 10.04.2026  17:54 -  done. 0.0003 seconds.
       checking for missing atoms ...
Info 10.04.2026  17:54 -  done.
       adding disulphide bonds ...
Info 10.04.2026  17:54 -  done.
       fixing small molecules ....
Info 10.04.2026  17:54 -  done. 0.0008 seconds.
Info 10.04.2026  17:54 -  step 3 - 1crn
     ========
        gmol: natoms=642  nHydrogens=315
Info 10.04.2026  17:54 -  adding hydrogens ...
Info 10.04.2026  17:54 -  done.
       checking bonding issues ...
Info 10.04.2026  17:54 -  done.
       adding atom types ...
Info 10.04.2026  17:54 -  done.
       adding aromaticity ...
Info 10.04.2026  17:54 -  done.
       adding sulphur charges ...
Info 10.04.2026  17:54 -  done. 0.0056 seconds.
Info 10.04.2026  17:54 -  step 4 - 1crn
     ========
       gmol: natoms=648  nHydrogens=321
Info 10.04.2026  17:54 -  reorg system ...
Info 10.04.2026  17:54 -  done.
        checking for backbone integrity issues ...
Info 10.04.2026  17:54 -  done.
     0.2596 seconds.
Info 10.04.2026  17:54 -  step 5 - 1crn:
     ========
       setting system pH=7.1  method=propka...
Info 10.04.2026  17:54 -  done. 0.0328 seconds.
Info 10.04.2026  17:54 -  step 6 - 1crn:
     ========
       final cleanup ...
Info 10.04.2026  17:54 -  done. 0.5262 seconds.
     molprobity scores after structure prep:
     ==============================================
Info 10.04.2026  18:03 -  ********************************************************
        STRUCTURE PREPPING < 1crn >
     ********************************************************
Info 10.04.2026  18:03 -  step 1 - 1crn 
     ========
        core mol check ....
Info 10.04.2026  18:03 -  done. 0.0004 seconds.
Info 10.04.2026  18:03 -  converting MSE to MET ....
Info 10.04.2026  18:03 -  done. 0.0001 seconds.
Info 10.04.2026  18:03 -  reorg HET residues ....
Info 10.04.2026  18:03 -  done. 0.0001 seconds.
Info 10.04.2026  18:03 -  std AA res name assignment ....
Info 10.04.2026  18:03 -  done. 0.0001 seconds.
Info 10.04.2026  18:03 -  revmoving duplicate atoms ....
Info 10.04.2026  18:03 -  done. 0.0010 seconds.
Info 10.04.2026  18:03 -  step 2 - 1crn
     ========
        assigning reference data ...
Info 10.04.2026  18:03 -  done 0.0003 seconds.
       fixing metal charges and halogens ...
Info 10.04.2026  18:03 -  done. 0.0003 seconds.
       fixing backbone connectivity ...
Info 10.04.2026  18:03 -  done. 0.0003 seconds.
       check isolated residues ...
Info 10.04.2026  18:03 -  done. 0.0003 seconds.
       checking for missing atoms ...
Info 10.04.2026  18:03 -  done.
       adding disulphide bonds ...
Info 10.04.2026  18:03 -  done.
       fixing small molecules ....
Info 10.04.2026  18:03 -  done. 0.0008 seconds.
Info 10.04.2026  18:03 -  step 3 - 1crn
     ========
        gmol: natoms=642  nHydrogens=315
Info 10.04.2026  18:03 -  adding hydrogens ...
Info 10.04.2026  18:03 -  done.
       checking bonding issues ...
Info 10.04.2026  18:03 -  done.
       adding atom types ...
Info 10.04.2026  18:03 -  done.
       adding aromaticity ...
Info 10.04.2026  18:03 -  done.
       adding sulphur charges ...
Info 10.04.2026  18:03 -  done. 0.0055 seconds.
Info 10.04.2026  18:03 -  step 4 - 1crn
     ========
       gmol: natoms=648  nHydrogens=321
Info 10.04.2026  18:03 -  reorg system ...
Info 10.04.2026  18:03 -  done.
        checking for backbone integrity issues ...
Info 10.04.2026  18:03 -  done.
     0.2563 seconds.
Info 10.04.2026  18:03 -  step 5 - 1crn:
     ========
       setting system pH=7.1  method=propka...
Info 10.04.2026  18:03 -  done. 0.0327 seconds.
Info 10.04.2026  18:03 -  step 6 - 1crn:
     ========
       final cleanup ...
Info 10.04.2026  18:03 -  done. 0.5343 seconds.
     molprobity scores after structure prep:
     ==============================================
Info 10.04.2026  18:04 -  ********************************************************
        STRUCTURE PREPPING < 1crn >
     ********************************************************
Info 10.04.2026  18:04 -  step 1 - 1crn 
     ========
        core mol check ....
Info 10.04.2026  18:04 -  done. 0.0004 seconds.
Info 10.04.2026  18:04 -  converting MSE to MET ....
Info 10.04.2026  18:04 -  done. 0.0001 seconds.
Info 10.04.2026  18:04 -  reorg HET residues ....
Info 10.04.2026  18:04 -  done. 0.0001 seconds.
Info 10.04.2026  18:04 -  std AA res name assignment ....
Info 10.04.2026  18:04 -  done. 0.0001 seconds.
Info 10.04.2026  18:04 -  revmoving duplicate atoms ....
Info 10.04.2026  18:04 -  done. 0.0010 seconds.
Info 10.04.2026  18:04 -  step 2 - 1crn
     ========
        assigning reference data ...
Info 10.04.2026  18:04 -  done 0.0003 seconds.
       fixing metal charges and halogens ...
Info 10.04.2026  18:04 -  done. 0.0003 seconds.
       fixing backbone connectivity ...
Info 10.04.2026  18:04 -  done. 0.0004 seconds.
       check isolated residues ...
Info 10.04.2026  18:04 -  done. 0.0003 seconds.
       checking for missing atoms ...
Info 10.04.2026  18:04 -  done.
       adding disulphide bonds ...
Info 10.04.2026  18:04 -  done.
       fixing small molecules ....
Info 10.04.2026  18:04 -  done. 0.0008 seconds.
Info 10.04.2026  18:04 -  step 3 - 1crn
     ========
        gmol: natoms=642  nHydrogens=315
Info 10.04.2026  18:04 -  adding hydrogens ...
Info 10.04.2026  18:04 -  done.
       checking bonding issues ...
Info 10.04.2026  18:04 -  done.
       adding atom types ...
Info 10.04.2026  18:04 -  done.
       adding aromaticity ...
Info 10.04.2026  18:04 -  done.
       adding sulphur charges ...
Info 10.04.2026  18:04 -  done. 0.0056 seconds.
Info 10.04.2026  18:04 -  step 4 - 1crn
     ========
       gmol: natoms=648  nHydrogens=321
Info 10.04.2026  18:04 -  reorg system ...
Info 10.04.2026  18:04 -  done.
        checking for backbone integrity issues ...
Info 10.04.2026  18:04 -  done.
     0.2603 seconds.
Info 10.04.2026  18:04 -  step 5 - 1crn:
     ========
       setting system pH=7.1  method=propka...
Info 10.04.2026  18:04 -  done. 0.0333 seconds.
Info 10.04.2026  18:04 -  step 6 - 1crn:
     ========
       final cleanup ...
Info 10.04.2026  18:04 -  done. 0.5269 seconds.
     molprobity scores after structure prep:
     ==============================================
Info 10.04.2026  18:07 -  ********************************************************
        STRUCTURE PREPPING < 1crn >
     ********************************************************
Info 10.04.2026  18:07 -  step 1 - 1crn 
     ========
        core mol check ....
Info 10.04.2026  18:07 -  done. 0.0004 seconds.
Info 10.04.2026  18:07 -  converting MSE to MET ....
Info 10.04.2026  18:07 -  done. 0.0001 seconds.
Info 10.04.2026  18:07 -  reorg HET residues ....
Info 10.04.2026  18:07 -  done. 0.0001 seconds.
Info 10.04.2026  18:07 -  std AA res name assignment ....
Info 10.04.2026  18:07 -  done. 0.0001 seconds.
Info 10.04.2026  18:07 -  revmoving duplicate atoms ....
Info 10.04.2026  18:07 -  done. 0.0010 seconds.
Info 10.04.2026  18:07 -  step 2 - 1crn
     ========
        assigning reference data ...
Info 10.04.2026  18:07 -  done 0.0006 seconds.
       fixing metal charges and halogens ...
Info 10.04.2026  18:07 -  done. 0.0005 seconds.
       fixing backbone connectivity ...
Info 10.04.2026  18:07 -  done. 0.0004 seconds.
       check isolated residues ...
Info 10.04.2026  18:07 -  done. 0.0003 seconds.
       checking for missing atoms ...
Info 10.04.2026  18:07 -  done.
       adding disulphide bonds ...
Info 10.04.2026  18:07 -  done.
       fixing small molecules ....
Info 10.04.2026  18:07 -  done. 0.0009 seconds.
Info 10.04.2026  18:07 -  step 3 - 1crn
     ========
        gmol: natoms=642  nHydrogens=315
Info 10.04.2026  18:07 -  adding hydrogens ...
Info 10.04.2026  18:07 -  done.
       checking bonding issues ...
Info 10.04.2026  18:07 -  done.
       adding atom types ...
Info 10.04.2026  18:07 -  done.
       adding aromaticity ...
Info 10.04.2026  18:07 -  done.
       adding sulphur charges ...
Info 10.04.2026  18:07 -  done. 0.0059 seconds.
Info 10.04.2026  18:07 -  step 4 - 1crn
     ========
       gmol: natoms=648  nHydrogens=321
Info 10.04.2026  18:07 -  reorg system ...
Info 10.04.2026  18:07 -  done.
        checking for backbone integrity issues ...
Info 10.04.2026  18:07 -  done.
     0.2592 seconds.
Info 10.04.2026  18:07 -  step 5 - 1crn:
     ========
       setting system pH=7.1  method=propka...
Info 10.04.2026  18:07 -  done. 0.0325 seconds.
Info 10.04.2026  18:07 -  step 6 - 1crn:
     ========
       final cleanup ...
Info 10.04.2026  18:07 -  done. 0.5212 seconds.
     molprobity scores after structure prep:
     ==============================================
Info 10.04.2026  18:12 -  ********************************************************
        STRUCTURE PREPPING < 1crn >
     ********************************************************
Info 10.04.2026  18:12 -  step 1 - 1crn 
     ========
        core mol check ....
Info 10.04.2026  18:12 -  done. 0.0004 seconds.
Info 10.04.2026  18:12 -  converting MSE to MET ....
Info 10.04.2026  18:12 -  done. 0.0001 seconds.
Info 10.04.2026  18:12 -  reorg HET residues ....
Info 10.04.2026  18:12 -  done. 0.0001 seconds.
Info 10.04.2026  18:12 -  std AA res name assignment ....
Info 10.04.2026  18:12 -  done. 0.0001 seconds.
Info 10.04.2026  18:12 -  revmoving duplicate atoms ....
Info 10.04.2026  18:12 -  done. 0.0010 seconds.
Info 10.04.2026  18:12 -  step 2 - 1crn
     ========
        assigning reference data ...
Info 10.04.2026  18:12 -  done 0.0004 seconds.
       fixing metal charges and halogens ...
Info 10.04.2026  18:12 -  done. 0.0003 seconds.
       fixing backbone connectivity ...
Info 10.04.2026  18:12 -  done. 0.0003 seconds.
       check isolated residues ...
Info 10.04.2026  18:12 -  done. 0.0003 seconds.
       checking for missing atoms ...
Info 10.04.2026  18:12 -  done.
       adding disulphide bonds ...
Info 10.04.2026  18:12 -  done.
       fixing small molecules ....
Info 10.04.2026  18:12 -  done. 0.0007 seconds.
Info 10.04.2026  18:12 -  step 3 - 1crn
     ========
        gmol: natoms=642  nHydrogens=315
Info 10.04.2026  18:12 -  adding hydrogens ...
Info 10.04.2026  18:12 -  done.
       checking bonding issues ...
Info 10.04.2026  18:12 -  done.
       adding atom types ...
Info 10.04.2026  18:12 -  done.
       adding aromaticity ...
Info 10.04.2026  18:12 -  done.
       adding sulphur charges ...
Info 10.04.2026  18:12 -  done. 0.0055 seconds.
Info 10.04.2026  18:12 -  step 4 - 1crn
     ========
       gmol: natoms=648  nHydrogens=321
Info 10.04.2026  18:12 -  reorg system ...
Info 10.04.2026  18:12 -  done.
        checking for backbone integrity issues ...
Info 10.04.2026  18:12 -  done.
     0.2574 seconds.
Info 10.04.2026  18:12 -  step 5 - 1crn:
     ========
       setting system pH=7.1  method=propka...
Info 10.04.2026  18:12 -  done. 0.0326 seconds.
Info 10.04.2026  18:12 -  step 6 - 1crn:
     ========
       final cleanup ...
Info 10.04.2026  18:12 -  done. 0.5228 seconds.
     molprobity scores after structure prep:
     ==============================================
Info 10.04.2026  18:14 -  ********************************************************
        STRUCTURE PREPPING < 1crn >
     ********************************************************
Info 10.04.2026  18:14 -  step 1 - 1crn 
     ========
        core mol check ....
Info 10.04.2026  18:14 -  done. 0.0004 seconds.
Info 10.04.2026  18:14 -  converting MSE to MET ....
Info 10.04.2026  18:14 -  done. 0.0001 seconds.
Info 10.04.2026  18:14 -  reorg HET residues ....
Info 10.04.2026  18:14 -  done. 0.0001 seconds.
Info 10.04.2026  18:14 -  std AA res name assignment ....
Info 10.04.2026  18:14 -  done. 0.0001 seconds.
Info 10.04.2026  18:14 -  revmoving duplicate atoms ....
Info 10.04.2026  18:14 -  done. 0.0011 seconds.
Info 10.04.2026  18:14 -  step 2 - 1crn
     ========
        assigning reference data ...
Info 10.04.2026  18:14 -  done 0.0004 seconds.
       fixing metal charges and halogens ...
Info 10.04.2026  18:14 -  done. 0.0003 seconds.
       fixing backbone connectivity ...
Info 10.04.2026  18:14 -  done. 0.0004 seconds.
       check isolated residues ...
Info 10.04.2026  18:14 -  done. 0.0003 seconds.
       checking for missing atoms ...
Info 10.04.2026  18:14 -  done.
       adding disulphide bonds ...
Info 10.04.2026  18:14 -  done.
       fixing small molecules ....
Info 10.04.2026  18:14 -  done. 0.0008 seconds.
Info 10.04.2026  18:14 -  step 3 - 1crn
     ========
        gmol: natoms=642  nHydrogens=315
Info 10.04.2026  18:14 -  adding hydrogens ...
Info 10.04.2026  18:14 -  done.
       checking bonding issues ...
Info 10.04.2026  18:14 -  done.
       adding atom types ...
Info 10.04.2026  18:14 -  done.
       adding aromaticity ...
Info 10.04.2026  18:14 -  done.
       adding sulphur charges ...
Info 10.04.2026  18:14 -  done. 0.0057 seconds.
Info 10.04.2026  18:14 -  step 4 - 1crn
     ========
       gmol: natoms=648  nHydrogens=321
Info 10.04.2026  18:14 -  reorg system ...
Info 10.04.2026  18:14 -  done.
        checking for backbone integrity issues ...
Info 10.04.2026  18:14 -  done.
     0.2598 seconds.
Info 10.04.2026  18:14 -  step 5 - 1crn:
     ========
       setting system pH=7.1  method=propka...
Info 10.04.2026  18:14 -  done. 0.0331 seconds.
Info 10.04.2026  18:14 -  step 6 - 1crn:
     ========
       final cleanup ...
Info 10.04.2026  18:14 -  done. 0.5214 seconds.
     molprobity scores after structure prep:
     ==============================================
Info 10.04.2026  18:15 -  ********************************************************
        STRUCTURE PREPPING < 1crn >
     ********************************************************
Info 10.04.2026  18:15 -  step 1 - 1crn 
     ========
        core mol check ....
Info 10.04.2026  18:15 -  done. 0.0004 seconds.
Info 10.04.2026  18:15 -  converting MSE to MET ....
Info 10.04.2026  18:15 -  done. 0.0001 seconds.
Info 10.04.2026  18:15 -  reorg HET residues ....
Info 10.04.2026  18:15 -  done. 0.0001 seconds.
Info 10.04.2026  18:15 -  std AA res name assignment ....
Info 10.04.2026  18:15 -  done. 0.0001 seconds.
Info 10.04.2026  18:15 -  revmoving duplicate atoms ....
Info 10.04.2026  18:15 -  done. 0.0010 seconds.
Info 10.04.2026  18:15 -  step 2 - 1crn
     ========
        assigning reference data ...
Info 10.04.2026  18:15 -  done 0.0004 seconds.
       fixing metal charges and halogens ...
Info 10.04.2026  18:15 -  done. 0.0003 seconds.
       fixing backbone connectivity ...
Info 10.04.2026  18:15 -  done. 0.0004 seconds.
       check isolated residues ...
Info 10.04.2026  18:15 -  done. 0.0003 seconds.
       checking for missing atoms ...
Info 10.04.2026  18:15 -  done.
       adding disulphide bonds ...
Info 10.04.2026  18:15 -  done.
       fixing small molecules ....
Info 10.04.2026  18:15 -  done. 0.0007 seconds.
Info 10.04.2026  18:15 -  step 3 - 1crn
     ========
        gmol: natoms=642  nHydrogens=315
Info 10.04.2026  18:15 -  adding hydrogens ...
Info 10.04.2026  18:15 -  done.
       checking bonding issues ...
Info 10.04.2026  18:15 -  done.
       adding atom types ...
Info 10.04.2026  18:15 -  done.
       adding aromaticity ...
Info 10.04.2026  18:15 -  done.
       adding sulphur charges ...
Info 10.04.2026  18:15 -  done. 0.0055 seconds.
Info 10.04.2026  18:15 -  step 4 - 1crn
     ========
       gmol: natoms=648  nHydrogens=321
Info 10.04.2026  18:15 -  reorg system ...
Info 10.04.2026  18:15 -  done.
        checking for backbone integrity issues ...
Info 10.04.2026  18:15 -  done.
     0.2589 seconds.
Info 10.04.2026  18:15 -  step 5 - 1crn:
     ========
       setting system pH=7.1  method=propka...
Info 10.04.2026  18:15 -  done. 0.0362 seconds.
Info 10.04.2026  18:15 -  step 6 - 1crn:
     ========
       final cleanup ...
Info 10.04.2026  18:15 -  done. 0.5218 seconds.
     molprobity scores after structure prep:
     ==============================================
Info 10.04.2026  18:16 -  ********************************************************
        STRUCTURE PREPPING < 1crn >
     ********************************************************
Info 10.04.2026  18:16 -  step 1 - 1crn 
     ========
        core mol check ....
Info 10.04.2026  18:16 -  done. 0.0004 seconds.
Info 10.04.2026  18:16 -  converting MSE to MET ....
Info 10.04.2026  18:16 -  done. 0.0001 seconds.
Info 10.04.2026  18:16 -  reorg HET residues ....
Info 10.04.2026  18:16 -  done. 0.0001 seconds.
Info 10.04.2026  18:16 -  std AA res name assignment ....
Info 10.04.2026  18:16 -  done. 0.0001 seconds.
Info 10.04.2026  18:16 -  revmoving duplicate atoms ....
Info 10.04.2026  18:16 -  done. 0.0010 seconds.
Info 10.04.2026  18:16 -  step 2 - 1crn
     ========
        assigning reference data ...
Info 10.04.2026  18:16 -  done 0.0003 seconds.
       fixing metal charges and halogens ...
Info 10.04.2026  18:16 -  done. 0.0003 seconds.
       fixing backbone connectivity ...
Info 10.04.2026  18:16 -  done. 0.0003 seconds.
       check isolated residues ...
Info 10.04.2026  18:16 -  done. 0.0003 seconds.
       checking for missing atoms ...
Info 10.04.2026  18:16 -  done.
       adding disulphide bonds ...
Info 10.04.2026  18:16 -  done.
       fixing small molecules ....
Info 10.04.2026  18:16 -  done. 0.0008 seconds.
Info 10.04.2026  18:16 -  step 3 - 1crn
     ========
        gmol: natoms=642  nHydrogens=315
Info 10.04.2026  18:16 -  adding hydrogens ...
Info 10.04.2026  18:16 -  done.
       checking bonding issues ...
Info 10.04.2026  18:16 -  done.
       adding atom types ...
Info 10.04.2026  18:16 -  done.
       adding aromaticity ...
Info 10.04.2026  18:16 -  done.
       adding sulphur charges ...
Info 10.04.2026  18:16 -  done. 0.0055 seconds.
Info 10.04.2026  18:16 -  step 4 - 1crn
     ========
       gmol: natoms=648  nHydrogens=321
Info 10.04.2026  18:16 -  reorg system ...
Info 10.04.2026  18:16 -  done.
        checking for backbone integrity issues ...
Info 10.04.2026  18:16 -  done.
     0.2620 seconds.
Info 10.04.2026  18:16 -  step 5 - 1crn:
     ========
       setting system pH=7.1  method=propka...
Info 10.04.2026  18:16 -  done. 0.0328 seconds.
Info 10.04.2026  18:16 -  step 6 - 1crn:
     ========
       final cleanup ...
Info 10.04.2026  18:16 -  done. 0.5381 seconds.
     molprobity scores after structure prep:
     ==============================================
Info 10.04.2026  18:17 -  ********************************************************
        STRUCTURE PREPPING < 1crn >
     ********************************************************
Info 10.04.2026  18:17 -  step 1 - 1crn 
     ========
        core mol check ....
Info 10.04.2026  18:17 -  done. 0.0004 seconds.
Info 10.04.2026  18:17 -  converting MSE to MET ....
Info 10.04.2026  18:17 -  done. 0.0001 seconds.
Info 10.04.2026  18:17 -  reorg HET residues ....
Info 10.04.2026  18:17 -  done. 0.0001 seconds.
Info 10.04.2026  18:17 -  std AA res name assignment ....
Info 10.04.2026  18:17 -  done. 0.0001 seconds.
Info 10.04.2026  18:17 -  revmoving duplicate atoms ....
Info 10.04.2026  18:17 -  done. 0.0010 seconds.
Info 10.04.2026  18:17 -  step 2 - 1crn
     ========
        assigning reference data ...
Info 10.04.2026  18:17 -  done 0.0003 seconds.
       fixing metal charges and halogens ...
Info 10.04.2026  18:17 -  done. 0.0003 seconds.
       fixing backbone connectivity ...
Info 10.04.2026  18:17 -  done. 0.0003 seconds.
       check isolated residues ...
Info 10.04.2026  18:17 -  done. 0.0003 seconds.
       checking for missing atoms ...
Info 10.04.2026  18:17 -  done.
       adding disulphide bonds ...
Info 10.04.2026  18:17 -  done.
       fixing small molecules ....
Info 10.04.2026  18:17 -  done. 0.0008 seconds.
Info 10.04.2026  18:17 -  step 3 - 1crn
     ========
        gmol: natoms=642  nHydrogens=315
Info 10.04.2026  18:17 -  adding hydrogens ...
Info 10.04.2026  18:17 -  done.
       checking bonding issues ...
Info 10.04.2026  18:17 -  done.
       adding atom types ...
Info 10.04.2026  18:17 -  done.
       adding aromaticity ...
Info 10.04.2026  18:17 -  done.
       adding sulphur charges ...
Info 10.04.2026  18:17 -  done. 0.0055 seconds.
Info 10.04.2026  18:17 -  step 4 - 1crn
     ========
       gmol: natoms=648  nHydrogens=321
Info 10.04.2026  18:17 -  reorg system ...
Info 10.04.2026  18:17 -  done.
        checking for backbone integrity issues ...
Info 10.04.2026  18:17 -  done.
     0.2660 seconds.
Info 10.04.2026  18:17 -  step 5 - 1crn:
     ========
       setting system pH=7.1  method=propka...
Info 10.04.2026  18:17 -  done. 0.0336 seconds.
Info 10.04.2026  18:17 -  step 6 - 1crn:
     ========
       final cleanup ...
Info 10.04.2026  18:17 -  done. 0.5459 seconds.
     molprobity scores after structure prep:
     ==============================================
Info 10.04.2026  18:19 -  ********************************************************
        STRUCTURE PREPPING < 1crn >
     ********************************************************
Info 10.04.2026  18:19 -  step 1 - 1crn 
     ========
        core mol check ....
Info 10.04.2026  18:19 -  done. 0.0004 seconds.
Info 10.04.2026  18:19 -  converting MSE to MET ....
Info 10.04.2026  18:19 -  done. 0.0001 seconds.
Info 10.04.2026  18:19 -  reorg HET residues ....
Info 10.04.2026  18:19 -  done. 0.0001 seconds.
Info 10.04.2026  18:19 -  std AA res name assignment ....
Info 10.04.2026  18:19 -  done. 0.0001 seconds.
Info 10.04.2026  18:19 -  revmoving duplicate atoms ....
Info 10.04.2026  18:19 -  done. 0.0010 seconds.
Info 10.04.2026  18:19 -  step 2 - 1crn
     ========
        assigning reference data ...
Info 10.04.2026  18:19 -  done 0.0003 seconds.
       fixing metal charges and halogens ...
Info 10.04.2026  18:19 -  done. 0.0003 seconds.
       fixing backbone connectivity ...
Info 10.04.2026  18:19 -  done. 0.0004 seconds.
       check isolated residues ...
Info 10.04.2026  18:19 -  done. 0.0003 seconds.
       checking for missing atoms ...
Info 10.04.2026  18:19 -  done.
       adding disulphide bonds ...
Info 10.04.2026  18:19 -  done.
       fixing small molecules ....
Info 10.04.2026  18:19 -  done. 0.0008 seconds.
Info 10.04.2026  18:19 -  step 3 - 1crn
     ========
        gmol: natoms=642  nHydrogens=315
Info 10.04.2026  18:19 -  adding hydrogens ...
Info 10.04.2026  18:19 -  done.
       checking bonding issues ...
Info 10.04.2026  18:19 -  done.
       adding atom types ...
Info 10.04.2026  18:19 -  done.
       adding aromaticity ...
Info 10.04.2026  18:19 -  done.
       adding sulphur charges ...
Info 10.04.2026  18:19 -  done. 0.0054 seconds.
Info 10.04.2026  18:19 -  step 4 - 1crn
     ========
       gmol: natoms=648  nHydrogens=321
Info 10.04.2026  18:19 -  reorg system ...
Info 10.04.2026  18:19 -  done.
        checking for backbone integrity issues ...
Info 10.04.2026  18:19 -  done.
     0.2561 seconds.
Info 10.04.2026  18:19 -  step 5 - 1crn:
     ========
       setting system pH=7.1  method=propka...
Info 10.04.2026  18:19 -  done. 0.0329 seconds.
Info 10.04.2026  18:19 -  step 6 - 1crn:
     ========
       final cleanup ...
Info 10.04.2026  18:19 -  done. 0.5199 seconds.
     molprobity scores after structure prep:
     ==============================================
Info 10.04.2026  18:21 -  ********************************************************
        STRUCTURE PREPPING < 1crn >
     ********************************************************
Info 10.04.2026  18:21 -  step 1 - 1crn 
     ========
        core mol check ....
Info 10.04.2026  18:21 -  done. 0.0004 seconds.
Info 10.04.2026  18:21 -  converting MSE to MET ....
Info 10.04.2026  18:21 -  done. 0.0001 seconds.
Info 10.04.2026  18:21 -  reorg HET residues ....
Info 10.04.2026  18:21 -  done. 0.0001 seconds.
Info 10.04.2026  18:21 -  std AA res name assignment ....
Info 10.04.2026  18:21 -  done. 0.0001 seconds.
Info 10.04.2026  18:21 -  revmoving duplicate atoms ....
Info 10.04.2026  18:21 -  done. 0.0010 seconds.
Info 10.04.2026  18:21 -  step 2 - 1crn
     ========
        assigning reference data ...
Info 10.04.2026  18:21 -  done 0.0003 seconds.
       fixing metal charges and halogens ...
Info 10.04.2026  18:21 -  done. 0.0003 seconds.
       fixing backbone connectivity ...
Info 10.04.2026  18:21 -  done. 0.0004 seconds.
       check isolated residues ...
Info 10.04.2026  18:21 -  done. 0.0003 seconds.
       checking for missing atoms ...
Info 10.04.2026  18:21 -  done.
       adding disulphide bonds ...
Info 10.04.2026  18:21 -  done.
       fixing small molecules ....
Info 10.04.2026  18:21 -  done. 0.0009 seconds.
Info 10.04.2026  18:21 -  step 3 - 1crn
     ========
        gmol: natoms=642  nHydrogens=315
Info 10.04.2026  18:21 -  adding hydrogens ...
Info 10.04.2026  18:21 -  done.
       checking bonding issues ...
Info 10.04.2026  18:21 -  done.
       adding atom types ...
Info 10.04.2026  18:21 -  done.
       adding aromaticity ...
Info 10.04.2026  18:21 -  done.
       adding sulphur charges ...
Info 10.04.2026  18:21 -  done. 0.0056 seconds.
Info 10.04.2026  18:21 -  step 4 - 1crn
     ========
       gmol: natoms=648  nHydrogens=321
Info 10.04.2026  18:21 -  reorg system ...
Info 10.04.2026  18:21 -  done.
        checking for backbone integrity issues ...
Info 10.04.2026  18:21 -  done.
     0.2636 seconds.
Info 10.04.2026  18:21 -  step 5 - 1crn:
     ========
       setting system pH=7.1  method=propka...
Info 10.04.2026  18:21 -  done. 0.0330 seconds.
Info 10.04.2026  18:21 -  step 6 - 1crn:
     ========
       final cleanup ...
Info 10.04.2026  18:21 -  done. 0.5285 seconds.
     molprobity scores after structure prep:
     ==============================================
Info 10.04.2026  20:49 -  ********************************************************
        STRUCTURE PREPPING < 6a5j >
     ********************************************************
Info 10.04.2026  20:49 -  step 1 - 6a5j 
     ========
        core mol check ....
Info 10.04.2026  20:49 -  done. 0.0003 seconds.
Info 10.04.2026  20:49 -  converting MSE to MET ....
Info 10.04.2026  20:49 -  done. 0.0001 seconds.
Info 10.04.2026  20:49 -  reorg HET residues ....
Info 10.04.2026  20:49 -  done. 0.0001 seconds.
Info 10.04.2026  20:49 -  std AA res name assignment ....
Info 10.04.2026  20:49 -  done. 0.0001 seconds.
Info 10.04.2026  20:49 -  revmoving duplicate atoms ....
Info 10.04.2026  20:49 -  done. 0.0005 seconds.
Info 10.04.2026  20:49 -  step 2 - 6a5j
     ========
        assigning reference data ...
Info 10.04.2026  20:49 -  done 0.0002 seconds.
       fixing metal charges and halogens ...
Info 10.04.2026  20:49 -  done. 0.0002 seconds.
       fixing backbone connectivity ...
Info 10.04.2026  20:49 -  done. 0.0002 seconds.
       check isolated residues ...
Info 10.04.2026  20:49 -  done. 0.0001 seconds.
       checking for missing atoms ...
Info 10.04.2026  20:49 -  done.
       adding disulphide bonds ...
Info 10.04.2026  20:49 -  done.
       fixing small molecules ....
Info 10.04.2026  20:49 -  done. 0.0003 seconds.
Info 10.04.2026  20:49 -  step 3 - 6a5j
     ========
        gmol: natoms=260  nHydrogens=151
Info 10.04.2026  20:49 -  adding hydrogens ...
Info 10.04.2026  20:49 -  done.
       checking bonding issues ...
Info 10.04.2026  20:49 -  done.
       adding atom types ...
Info 10.04.2026  20:49 -  done.
       adding aromaticity ...
Info 10.04.2026  20:49 -  done.
       adding sulphur charges ...
Info 10.04.2026  20:49 -  done. 0.0027 seconds.
Info 10.04.2026  20:49 -  step 4 - 6a5j
     ========
       gmol: natoms=260  nHydrogens=151
Info 10.04.2026  20:49 -  reorg system ...
Info 10.04.2026  20:49 -  done.
        checking for backbone integrity issues ...
Info 10.04.2026  20:49 -  done.
     0.2116 seconds.
Info 10.04.2026  20:49 -  step 5 - 6a5j:
     ========
       setting system pH=7.1  method=propka...
Info 10.04.2026  20:49 -  done. 0.0717 seconds.
Info 10.04.2026  20:49 -  step 6 - 6a5j:
     ========
       final cleanup ...
Info 10.04.2026  20:49 -  done. 0.4981 seconds.
     molprobity scores after structure prep:
     ==============================================
Info 10.04.2026  20:53 -  ********************************************************
        STRUCTURE PREPPING < 6a5j >
     ********************************************************
Info 10.04.2026  20:53 -  step 1 - 6a5j 
     ========
        core mol check ....
Info 10.04.2026  20:53 -  done. 0.0002 seconds.
Info 10.04.2026  20:53 -  converting MSE to MET ....
Info 10.04.2026  20:53 -  done. 0.0001 seconds.
Info 10.04.2026  20:53 -  reorg HET residues ....
Info 10.04.2026  20:53 -  done. 0.0001 seconds.
Info 10.04.2026  20:53 -  std AA res name assignment ....
Info 10.04.2026  20:53 -  done. 0.0001 seconds.
Info 10.04.2026  20:53 -  revmoving duplicate atoms ....
Info 10.04.2026  20:53 -  done. 0.0005 seconds.
Info 10.04.2026  20:53 -  step 2 - 6a5j
     ========
        assigning reference data ...
Info 10.04.2026  20:53 -  done 0.0002 seconds.
       fixing metal charges and halogens ...
Info 10.04.2026  20:53 -  done. 0.0001 seconds.
       fixing backbone connectivity ...
Info 10.04.2026  20:53 -  done. 0.0002 seconds.
       check isolated residues ...
Info 10.04.2026  20:53 -  done. 0.0001 seconds.
       checking for missing atoms ...
Info 10.04.2026  20:53 -  done.
       adding disulphide bonds ...
Info 10.04.2026  20:53 -  done.
       fixing small molecules ....
Info 10.04.2026  20:53 -  done. 0.0003 seconds.
Info 10.04.2026  20:53 -  step 3 - 6a5j
     ========
        gmol: natoms=260  nHydrogens=151
Info 10.04.2026  20:53 -  adding hydrogens ...
Info 10.04.2026  20:53 -  done.
       checking bonding issues ...
Info 10.04.2026  20:53 -  done.
       adding atom types ...
Info 10.04.2026  20:53 -  done.
       adding aromaticity ...
Info 10.04.2026  20:53 -  done.
       adding sulphur charges ...
Info 10.04.2026  20:53 -  done. 0.0028 seconds.
Info 10.04.2026  20:53 -  step 4 - 6a5j
     ========
       gmol: natoms=260  nHydrogens=151
Info 10.04.2026  20:53 -  reorg system ...
Info 10.04.2026  20:53 -  done.
        checking for backbone integrity issues ...
Info 10.04.2026  20:53 -  done.
     0.2134 seconds.
Info 10.04.2026  20:53 -  step 5 - 6a5j:
     ========
       setting system pH=7.1  method=propka...
Info 10.04.2026  20:53 -  done. 0.0703 seconds.
Info 10.04.2026  20:53 -  step 6 - 6a5j:
     ========
       final cleanup ...
Info 10.04.2026  20:53 -  done. 0.5033 seconds.
     molprobity scores after structure prep:
     ==============================================
Info 10.04.2026  20:59 -  ********************************************************
        STRUCTURE PREPPING < 6a5j >
     ********************************************************
Info 10.04.2026  20:59 -  step 1 - 6a5j 
     ========
        core mol check ....
Info 10.04.2026  20:59 -  done. 0.0002 seconds.
Info 10.04.2026  20:59 -  converting MSE to MET ....
Info 10.04.2026  20:59 -  done. 0.0001 seconds.
Info 10.04.2026  20:59 -  reorg HET residues ....
Info 10.04.2026  20:59 -  done. 0.0001 seconds.
Info 10.04.2026  20:59 -  std AA res name assignment ....
Info 10.04.2026  20:59 -  done. 0.0001 seconds.
Info 10.04.2026  20:59 -  revmoving duplicate atoms ....
Info 10.04.2026  20:59 -  done. 0.0005 seconds.
Info 10.04.2026  20:59 -  step 2 - 6a5j
     ========
        assigning reference data ...
Info 10.04.2026  20:59 -  done 0.0002 seconds.
       fixing metal charges and halogens ...
Info 10.04.2026  20:59 -  done. 0.0001 seconds.
       fixing backbone connectivity ...
Info 10.04.2026  20:59 -  done. 0.0002 seconds.
       check isolated residues ...
Info 10.04.2026  20:59 -  done. 0.0001 seconds.
       checking for missing atoms ...
Info 10.04.2026  20:59 -  done.
       adding disulphide bonds ...
Info 10.04.2026  20:59 -  done.
       fixing small molecules ....
Info 10.04.2026  20:59 -  done. 0.0003 seconds.
Info 10.04.2026  20:59 -  step 3 - 6a5j
     ========
        gmol: natoms=260  nHydrogens=151
Info 10.04.2026  20:59 -  adding hydrogens ...
Info 10.04.2026  20:59 -  done.
       checking bonding issues ...
Info 10.04.2026  20:59 -  done.
       adding atom types ...
Info 10.04.2026  20:59 -  done.
       adding aromaticity ...
Info 10.04.2026  20:59 -  done.
       adding sulphur charges ...
Info 10.04.2026  20:59 -  done. 0.0027 seconds.
Info 10.04.2026  20:59 -  step 4 - 6a5j
     ========
       gmol: natoms=260  nHydrogens=151
Info 10.04.2026  20:59 -  reorg system ...
Info 10.04.2026  20:59 -  done.
        checking for backbone integrity issues ...
Info 10.04.2026  20:59 -  done.
     0.2118 seconds.
Info 10.04.2026  20:59 -  step 5 - 6a5j:
     ========
       setting system pH=7.1  method=propka...
Info 10.04.2026  20:59 -  done. 0.0689 seconds.
Info 10.04.2026  20:59 -  step 6 - 6a5j:
     ========
       final cleanup ...
Info 10.04.2026  20:59 -  done. 0.4977 seconds.
     molprobity scores after structure prep:
     ==============================================
Info 10.04.2026  21:14 -  ********************************************************
        STRUCTURE PREPPING < 6a5j >
     ********************************************************
Info 10.04.2026  21:14 -  step 1 - 6a5j 
     ========
        core mol check ....
Info 10.04.2026  21:14 -  done. 0.0002 seconds.
Info 10.04.2026  21:14 -  converting MSE to MET ....
Info 10.04.2026  21:14 -  done. 0.0000 seconds.
Info 10.04.2026  21:14 -  reorg HET residues ....
Info 10.04.2026  21:14 -  done. 0.0001 seconds.
Info 10.04.2026  21:14 -  std AA res name assignment ....
Info 10.04.2026  21:14 -  done. 0.0001 seconds.
Info 10.04.2026  21:14 -  revmoving duplicate atoms ....
Info 10.04.2026  21:14 -  done. 0.0005 seconds.
Info 10.04.2026  21:14 -  step 2 - 6a5j
     ========
        assigning reference data ...
Info 10.04.2026  21:14 -  done 0.0002 seconds.
       fixing metal charges and halogens ...
Info 10.04.2026  21:14 -  done. 0.0001 seconds.
       fixing backbone connectivity ...
Info 10.04.2026  21:14 -  done. 0.0002 seconds.
       check isolated residues ...
Info 10.04.2026  21:14 -  done. 0.0001 seconds.
       checking for missing atoms ...
Info 10.04.2026  21:14 -  done.
       adding disulphide bonds ...
Info 10.04.2026  21:14 -  done.
       fixing small molecules ....
Info 10.04.2026  21:14 -  done. 0.0003 seconds.
Info 10.04.2026  21:14 -  step 3 - 6a5j
     ========
        gmol: natoms=260  nHydrogens=151
Info 10.04.2026  21:14 -  adding hydrogens ...
Info 10.04.2026  21:14 -  done.
       checking bonding issues ...
Info 10.04.2026  21:14 -  done.
       adding atom types ...
Info 10.04.2026  21:14 -  done.
       adding aromaticity ...
Info 10.04.2026  21:14 -  done.
       adding sulphur charges ...
Info 10.04.2026  21:14 -  done. 0.0027 seconds.
Info 10.04.2026  21:14 -  step 4 - 6a5j
     ========
       gmol: natoms=260  nHydrogens=151
Info 10.04.2026  21:14 -  reorg system ...
Info 10.04.2026  21:14 -  done.
        checking for backbone integrity issues ...
Info 10.04.2026  21:14 -  done.
     0.2174 seconds.
Info 10.04.2026  21:14 -  step 5 - 6a5j:
     ========
       setting system pH=7.1  method=propka...
Info 10.04.2026  21:14 -  done. 0.0727 seconds.
Info 10.04.2026  21:14 -  step 6 - 6a5j:
     ========
       final cleanup ...
Info 10.04.2026  21:14 -  done. 0.5322 seconds.
     molprobity scores after structure prep:
     ==============================================
Info 10.04.2026  21:16 -  ********************************************************
        STRUCTURE PREPPING < 6a5j >
     ********************************************************
Info 10.04.2026  21:16 -  step 1 - 6a5j 
     ========
        core mol check ....
Info 10.04.2026  21:16 -  done. 0.0002 seconds.
Info 10.04.2026  21:16 -  converting MSE to MET ....
Info 10.04.2026  21:16 -  done. 0.0000 seconds.
Info 10.04.2026  21:16 -  reorg HET residues ....
Info 10.04.2026  21:16 -  done. 0.0001 seconds.
Info 10.04.2026  21:16 -  std AA res name assignment ....
Info 10.04.2026  21:16 -  done. 0.0001 seconds.
Info 10.04.2026  21:16 -  revmoving duplicate atoms ....
Info 10.04.2026  21:16 -  done. 0.0005 seconds.
Info 10.04.2026  21:16 -  step 2 - 6a5j
     ========
        assigning reference data ...
Info 10.04.2026  21:16 -  done 0.0001 seconds.
       fixing metal charges and halogens ...
Info 10.04.2026  21:16 -  done. 0.0002 seconds.
       fixing backbone connectivity ...
Info 10.04.2026  21:16 -  done. 0.0002 seconds.
       check isolated residues ...
Info 10.04.2026  21:16 -  done. 0.0001 seconds.
       checking for missing atoms ...
Info 10.04.2026  21:16 -  done.
       adding disulphide bonds ...
Info 10.04.2026  21:16 -  done.
       fixing small molecules ....
Info 10.04.2026  21:16 -  done. 0.0003 seconds.
Info 10.04.2026  21:16 -  step 3 - 6a5j
     ========
        gmol: natoms=260  nHydrogens=151
Info 10.04.2026  21:16 -  adding hydrogens ...
Info 10.04.2026  21:16 -  done.
       checking bonding issues ...
Info 10.04.2026  21:16 -  done.
       adding atom types ...
Info 10.04.2026  21:16 -  done.
       adding aromaticity ...
Info 10.04.2026  21:16 -  done.
       adding sulphur charges ...
Info 10.04.2026  21:16 -  done. 0.0027 seconds.
Info 10.04.2026  21:16 -  step 4 - 6a5j
     ========
       gmol: natoms=260  nHydrogens=151
Info 10.04.2026  21:16 -  reorg system ...
Info 10.04.2026  21:16 -  done.
        checking for backbone integrity issues ...
Info 10.04.2026  21:16 -  done.
     0.2194 seconds.
Info 10.04.2026  21:16 -  step 5 - 6a5j:
     ========
       setting system pH=7.1  method=propka...
Info 10.04.2026  21:16 -  done. 0.0743 seconds.
Info 10.04.2026  21:16 -  step 6 - 6a5j:
     ========
       final cleanup ...
Info 10.04.2026  21:16 -  done. 0.5040 seconds.
     molprobity scores after structure prep:
     ==============================================
Info 10.04.2026  21:50 -  ********************************************************
        STRUCTURE PREPPING < 6a5j >
     ********************************************************
Info 10.04.2026  21:50 -  step 1 - 6a5j 
     ========
        core mol check ....
Info 10.04.2026  21:50 -  done. 0.0002 seconds.
Info 10.04.2026  21:50 -  converting MSE to MET ....
Info 10.04.2026  21:50 -  done. 0.0000 seconds.
Info 10.04.2026  21:50 -  reorg HET residues ....
Info 10.04.2026  21:50 -  done. 0.0001 seconds.
Info 10.04.2026  21:50 -  std AA res name assignment ....
Info 10.04.2026  21:50 -  done. 0.0001 seconds.
Info 10.04.2026  21:50 -  revmoving duplicate atoms ....
Info 10.04.2026  21:50 -  done. 0.0005 seconds.
Info 10.04.2026  21:50 -  step 2 - 6a5j
     ========
        assigning reference data ...
Info 10.04.2026  21:50 -  done 0.0002 seconds.
       fixing metal charges and halogens ...
Info 10.04.2026  21:50 -  done. 0.0002 seconds.
       fixing backbone connectivity ...
Info 10.04.2026  21:50 -  done. 0.0002 seconds.
       check isolated residues ...
Info 10.04.2026  21:50 -  done. 0.0002 seconds.
       checking for missing atoms ...
Info 10.04.2026  21:50 -  done.
       adding disulphide bonds ...
Info 10.04.2026  21:50 -  done.
       fixing small molecules ....
Info 10.04.2026  21:50 -  done. 0.0003 seconds.
Info 10.04.2026  21:50 -  step 3 - 6a5j
     ========
        gmol: natoms=260  nHydrogens=151
Info 10.04.2026  21:50 -  adding hydrogens ...
Info 10.04.2026  21:50 -  done.
       checking bonding issues ...
Info 10.04.2026  21:50 -  done.
       adding atom types ...
Info 10.04.2026  21:50 -  done.
       adding aromaticity ...
Info 10.04.2026  21:50 -  done.
       adding sulphur charges ...
Info 10.04.2026  21:50 -  done. 0.0027 seconds.
Info 10.04.2026  21:50 -  step 4 - 6a5j
     ========
       gmol: natoms=260  nHydrogens=151
Info 10.04.2026  21:50 -  reorg system ...
Info 10.04.2026  21:50 -  done.
        checking for backbone integrity issues ...
Info 10.04.2026  21:50 -  done.
     0.2184 seconds.
Info 10.04.2026  21:50 -  step 5 - 6a5j:
     ========
       setting system pH=7.1  method=propka...
Info 10.04.2026  21:50 -  done. 0.0710 seconds.
Info 10.04.2026  21:50 -  step 6 - 6a5j:
     ========
       final cleanup ...
Info 10.04.2026  21:50 -  done. 0.5045 seconds.
     molprobity scores after structure prep:
     ==============================================
Info 10.04.2026  21:51 -  ********************************************************
        STRUCTURE PREPPING < 6a5j >
     ********************************************************
Info 10.04.2026  21:51 -  step 1 - 6a5j 
     ========
        core mol check ....
Info 10.04.2026  21:51 -  done. 0.0002 seconds.
Info 10.04.2026  21:51 -  converting MSE to MET ....
Info 10.04.2026  21:51 -  done. 0.0001 seconds.
Info 10.04.2026  21:51 -  reorg HET residues ....
Info 10.04.2026  21:51 -  done. 0.0001 seconds.
Info 10.04.2026  21:51 -  std AA res name assignment ....
Info 10.04.2026  21:51 -  done. 0.0001 seconds.
Info 10.04.2026  21:51 -  revmoving duplicate atoms ....
Info 10.04.2026  21:51 -  done. 0.0005 seconds.
Info 10.04.2026  21:51 -  step 2 - 6a5j
     ========
        assigning reference data ...
Info 10.04.2026  21:51 -  done 0.0002 seconds.
       fixing metal charges and halogens ...
Info 10.04.2026  21:51 -  done. 0.0002 seconds.
       fixing backbone connectivity ...
Info 10.04.2026  21:51 -  done. 0.0002 seconds.
       check isolated residues ...
Info 10.04.2026  21:51 -  done. 0.0001 seconds.
       checking for missing atoms ...
Info 10.04.2026  21:51 -  done.
       adding disulphide bonds ...
Info 10.04.2026  21:51 -  done.
       fixing small molecules ....
Info 10.04.2026  21:51 -  done. 0.0003 seconds.
Info 10.04.2026  21:51 -  step 3 - 6a5j
     ========
        gmol: natoms=260  nHydrogens=151
Info 10.04.2026  21:51 -  adding hydrogens ...
Info 10.04.2026  21:51 -  done.
       checking bonding issues ...
Info 10.04.2026  21:51 -  done.
       adding atom types ...
Info 10.04.2026  21:51 -  done.
       adding aromaticity ...
Info 10.04.2026  21:51 -  done.
       adding sulphur charges ...
Info 10.04.2026  21:51 -  done. 0.0026 seconds.
Info 10.04.2026  21:51 -  step 4 - 6a5j
     ========
       gmol: natoms=260  nHydrogens=151
Info 10.04.2026  21:51 -  reorg system ...
Info 10.04.2026  21:51 -  done.
        checking for backbone integrity issues ...
Info 10.04.2026  21:51 -  done.
     0.2194 seconds.
Info 10.04.2026  21:51 -  step 5 - 6a5j:
     ========
       setting system pH=7.1  method=propka...
Info 10.04.2026  21:51 -  done. 0.0709 seconds.
Info 10.04.2026  21:51 -  step 6 - 6a5j:
     ========
       final cleanup ...
Info 10.04.2026  21:51 -  done. 0.5087 seconds.
     molprobity scores after structure prep:
     ==============================================
Info 10.04.2026  21:52 -  ********************************************************
        STRUCTURE PREPPING < 6a5j >
     ********************************************************
Info 10.04.2026  21:52 -  step 1 - 6a5j 
     ========
        core mol check ....
Info 10.04.2026  21:52 -  done. 0.0002 seconds.
Info 10.04.2026  21:52 -  converting MSE to MET ....
Info 10.04.2026  21:52 -  done. 0.0001 seconds.
Info 10.04.2026  21:52 -  reorg HET residues ....
Info 10.04.2026  21:52 -  done. 0.0001 seconds.
Info 10.04.2026  21:52 -  std AA res name assignment ....
Info 10.04.2026  21:52 -  done. 0.0001 seconds.
Info 10.04.2026  21:52 -  revmoving duplicate atoms ....
Info 10.04.2026  21:52 -  done. 0.0006 seconds.
Info 10.04.2026  21:52 -  step 2 - 6a5j
     ========
        assigning reference data ...
Info 10.04.2026  21:52 -  done 0.0002 seconds.
       fixing metal charges and halogens ...
Info 10.04.2026  21:52 -  done. 0.0001 seconds.
       fixing backbone connectivity ...
Info 10.04.2026  21:52 -  done. 0.0002 seconds.
       check isolated residues ...
Info 10.04.2026  21:52 -  done. 0.0001 seconds.
       checking for missing atoms ...
Info 10.04.2026  21:52 -  done.
       adding disulphide bonds ...
Info 10.04.2026  21:52 -  done.
       fixing small molecules ....
Info 10.04.2026  21:52 -  done. 0.0003 seconds.
Info 10.04.2026  21:52 -  step 3 - 6a5j
     ========
        gmol: natoms=260  nHydrogens=151
Info 10.04.2026  21:52 -  adding hydrogens ...
Info 10.04.2026  21:52 -  done.
       checking bonding issues ...
Info 10.04.2026  21:52 -  done.
       adding atom types ...
Info 10.04.2026  21:52 -  done.
       adding aromaticity ...
Info 10.04.2026  21:52 -  done.
       adding sulphur charges ...
Info 10.04.2026  21:52 -  done. 0.0031 seconds.
Info 10.04.2026  21:52 -  step 4 - 6a5j
     ========
       gmol: natoms=260  nHydrogens=151
Info 10.04.2026  21:52 -  reorg system ...
Info 10.04.2026  21:52 -  done.
        checking for backbone integrity issues ...
Info 10.04.2026  21:52 -  done.
     0.2260 seconds.
Info 10.04.2026  21:52 -  step 5 - 6a5j:
     ========
       setting system pH=7.1  method=propka...
Info 10.04.2026  21:52 -  done. 0.0734 seconds.
Info 10.04.2026  21:52 -  step 6 - 6a5j:
     ========
       final cleanup ...
Info 10.04.2026  21:52 -  done. 0.4993 seconds.
     molprobity scores after structure prep:
     ==============================================
Info 10.04.2026  21:53 -  ********************************************************
        STRUCTURE PREPPING < 6a5j >
     ********************************************************
Info 10.04.2026  21:53 -  step 1 - 6a5j 
     ========
        core mol check ....
Info 10.04.2026  21:53 -  done. 0.0002 seconds.
Info 10.04.2026  21:53 -  converting MSE to MET ....
Info 10.04.2026  21:53 -  done. 0.0001 seconds.
Info 10.04.2026  21:53 -  reorg HET residues ....
Info 10.04.2026  21:53 -  done. 0.0001 seconds.
Info 10.04.2026  21:53 -  std AA res name assignment ....
Info 10.04.2026  21:53 -  done. 0.0001 seconds.
Info 10.04.2026  21:53 -  revmoving duplicate atoms ....
Info 10.04.2026  21:53 -  done. 0.0006 seconds.
Info 10.04.2026  21:53 -  step 2 - 6a5j
     ========
        assigning reference data ...
Info 10.04.2026  21:53 -  done 0.0001 seconds.
       fixing metal charges and halogens ...
Info 10.04.2026  21:53 -  done. 0.0002 seconds.
       fixing backbone connectivity ...
Info 10.04.2026  21:53 -  done. 0.0002 seconds.
       check isolated residues ...
Info 10.04.2026  21:53 -  done. 0.0001 seconds.
       checking for missing atoms ...
Info 10.04.2026  21:53 -  done.
       adding disulphide bonds ...
Info 10.04.2026  21:53 -  done.
       fixing small molecules ....
Info 10.04.2026  21:53 -  done. 0.0004 seconds.
Info 10.04.2026  21:53 -  step 3 - 6a5j
     ========
        gmol: natoms=260  nHydrogens=151
Info 10.04.2026  21:53 -  adding hydrogens ...
Info 10.04.2026  21:53 -  done.
       checking bonding issues ...
Info 10.04.2026  21:53 -  done.
       adding atom types ...
Info 10.04.2026  21:53 -  done.
       adding aromaticity ...
Info 10.04.2026  21:53 -  done.
       adding sulphur charges ...
Info 10.04.2026  21:53 -  done. 0.0026 seconds.
Info 10.04.2026  21:53 -  step 4 - 6a5j
     ========
       gmol: natoms=260  nHydrogens=151
Info 10.04.2026  21:53 -  reorg system ...
Info 10.04.2026  21:53 -  done.
        checking for backbone integrity issues ...
Info 10.04.2026  21:53 -  done.
     0.2179 seconds.
Info 10.04.2026  21:53 -  step 5 - 6a5j:
     ========
       setting system pH=7.1  method=propka...
Info 10.04.2026  21:53 -  done. 0.0717 seconds.
Info 10.04.2026  21:53 -  step 6 - 6a5j:
     ========
       final cleanup ...
Info 10.04.2026  21:53 -  done. 0.5100 seconds.
     molprobity scores after structure prep:
     ==============================================
Info 10.04.2026  22:10 -  ********************************************************
        STRUCTURE PREPPING < 6a5j >
     ********************************************************
Info 10.04.2026  22:10 -  step 1 - 6a5j 
     ========
        core mol check ....
Info 10.04.2026  22:10 -  done. 0.0002 seconds.
Info 10.04.2026  22:10 -  converting MSE to MET ....
Info 10.04.2026  22:10 -  done. 0.0000 seconds.
Info 10.04.2026  22:10 -  reorg HET residues ....
Info 10.04.2026  22:10 -  done. 0.0001 seconds.
Info 10.04.2026  22:10 -  std AA res name assignment ....
Info 10.04.2026  22:10 -  done. 0.0001 seconds.
Info 10.04.2026  22:10 -  revmoving duplicate atoms ....
Info 10.04.2026  22:10 -  done. 0.0005 seconds.
Info 10.04.2026  22:10 -  step 2 - 6a5j
     ========
        assigning reference data ...
Info 10.04.2026  22:10 -  done 0.0002 seconds.
       fixing metal charges and halogens ...
Info 10.04.2026  22:10 -  done. 0.0001 seconds.
       fixing backbone connectivity ...
Info 10.04.2026  22:10 -  done. 0.0002 seconds.
       check isolated residues ...
Info 10.04.2026  22:10 -  done. 0.0001 seconds.
       checking for missing atoms ...
Info 10.04.2026  22:10 -  done.
       adding disulphide bonds ...
Info 10.04.2026  22:10 -  done.
       fixing small molecules ....
Info 10.04.2026  22:10 -  done. 0.0003 seconds.
Info 10.04.2026  22:10 -  step 3 - 6a5j
     ========
        gmol: natoms=260  nHydrogens=151
Info 10.04.2026  22:10 -  adding hydrogens ...
Info 10.04.2026  22:10 -  done.
       checking bonding issues ...
Info 10.04.2026  22:10 -  done.
       adding atom types ...
Info 10.04.2026  22:10 -  done.
       adding aromaticity ...
Info 10.04.2026  22:10 -  done.
       adding sulphur charges ...
Info 10.04.2026  22:10 -  done. 0.0027 seconds.
Info 10.04.2026  22:10 -  step 4 - 6a5j
     ========
       gmol: natoms=260  nHydrogens=151
Info 10.04.2026  22:10 -  reorg system ...
Info 10.04.2026  22:10 -  done.
        checking for backbone integrity issues ...
Info 10.04.2026  22:10 -  done.
     0.2168 seconds.
Info 10.04.2026  22:10 -  step 5 - 6a5j:
     ========
       setting system pH=7.1  method=propka...
Info 10.04.2026  22:10 -  done. 0.0714 seconds.
Info 10.04.2026  22:10 -  step 6 - 6a5j:
     ========
       final cleanup ...
Info 10.04.2026  22:10 -  done. 0.5137 seconds.
     molprobity scores after structure prep:
     ==============================================
Info 10.04.2026  22:30 -  ********************************************************
        STRUCTURE PREPPING < 6a5j >
     ********************************************************
Info 10.04.2026  22:30 -  step 1 - 6a5j 
     ========
        core mol check ....
Info 10.04.2026  22:30 -  done. 0.0002 seconds.
Info 10.04.2026  22:30 -  converting MSE to MET ....
Info 10.04.2026  22:30 -  done. 0.0001 seconds.
Info 10.04.2026  22:30 -  reorg HET residues ....
Info 10.04.2026  22:30 -  done. 0.0001 seconds.
Info 10.04.2026  22:30 -  std AA res name assignment ....
Info 10.04.2026  22:30 -  done. 0.0001 seconds.
Info 10.04.2026  22:30 -  revmoving duplicate atoms ....
Info 10.04.2026  22:30 -  done. 0.0005 seconds.
Info 10.04.2026  22:30 -  step 2 - 6a5j
     ========
        assigning reference data ...
Info 10.04.2026  22:30 -  done 0.0002 seconds.
       fixing metal charges and halogens ...
Info 10.04.2026  22:30 -  done. 0.0001 seconds.
       fixing backbone connectivity ...
Info 10.04.2026  22:30 -  done. 0.0002 seconds.
       check isolated residues ...
Info 10.04.2026  22:30 -  done. 0.0001 seconds.
       checking for missing atoms ...
Info 10.04.2026  22:30 -  done.
       adding disulphide bonds ...
Info 10.04.2026  22:30 -  done.
       fixing small molecules ....
Info 10.04.2026  22:30 -  done. 0.0003 seconds.
Info 10.04.2026  22:30 -  step 3 - 6a5j
     ========
        gmol: natoms=260  nHydrogens=151
Info 10.04.2026  22:30 -  adding hydrogens ...
Info 10.04.2026  22:30 -  done.
       checking bonding issues ...
Info 10.04.2026  22:30 -  done.
       adding atom types ...
Info 10.04.2026  22:30 -  done.
       adding aromaticity ...
Info 10.04.2026  22:30 -  done.
       adding sulphur charges ...
Info 10.04.2026  22:30 -  done. 0.0026 seconds.
Info 10.04.2026  22:30 -  step 4 - 6a5j
     ========
       gmol: natoms=260  nHydrogens=151
Info 10.04.2026  22:30 -  reorg system ...
Info 10.04.2026  22:30 -  done.
        checking for backbone integrity issues ...
Info 10.04.2026  22:30 -  done.
     0.2133 seconds.
Info 10.04.2026  22:30 -  step 5 - 6a5j:
     ========
       setting system pH=7.1  method=propka...
Info 10.04.2026  22:30 -  done. 0.0693 seconds.
Info 10.04.2026  22:30 -  step 6 - 6a5j:
     ========
       final cleanup ...
Info 10.04.2026  22:30 -  done. 0.5354 seconds.
     molprobity scores after structure prep:
     ==============================================
Info 10.04.2026  22:32 -  ********************************************************
        STRUCTURE PREPPING < 6a5j >
     ********************************************************
Info 10.04.2026  22:32 -  step 1 - 6a5j 
     ========
        core mol check ....
Info 10.04.2026  22:32 -  done. 0.0002 seconds.
Info 10.04.2026  22:32 -  converting MSE to MET ....
Info 10.04.2026  22:32 -  done. 0.0000 seconds.
Info 10.04.2026  22:32 -  reorg HET residues ....
Info 10.04.2026  22:32 -  done. 0.0001 seconds.
Info 10.04.2026  22:32 -  std AA res name assignment ....
Info 10.04.2026  22:32 -  done. 0.0001 seconds.
Info 10.04.2026  22:32 -  revmoving duplicate atoms ....
Info 10.04.2026  22:32 -  done. 0.0005 seconds.
Info 10.04.2026  22:32 -  step 2 - 6a5j
     ========
        assigning reference data ...
Info 10.04.2026  22:32 -  done 0.0002 seconds.
       fixing metal charges and halogens ...
Info 10.04.2026  22:32 -  done. 0.0001 seconds.
       fixing backbone connectivity ...
Info 10.04.2026  22:32 -  done. 0.0002 seconds.
       check isolated residues ...
Info 10.04.2026  22:32 -  done. 0.0001 seconds.
       checking for missing atoms ...
Info 10.04.2026  22:32 -  done.
       adding disulphide bonds ...
Info 10.04.2026  22:32 -  done.
       fixing small molecules ....
Info 10.04.2026  22:32 -  done. 0.0003 seconds.
Info 10.04.2026  22:32 -  step 3 - 6a5j
     ========
        gmol: natoms=260  nHydrogens=151
Info 10.04.2026  22:32 -  adding hydrogens ...
Info 10.04.2026  22:32 -  done.
       checking bonding issues ...
Info 10.04.2026  22:32 -  done.
       adding atom types ...
Info 10.04.2026  22:32 -  done.
       adding aromaticity ...
Info 10.04.2026  22:32 -  done.
       adding sulphur charges ...
Info 10.04.2026  22:32 -  done. 0.0026 seconds.
Info 10.04.2026  22:32 -  step 4 - 6a5j
     ========
       gmol: natoms=260  nHydrogens=151
Info 10.04.2026  22:32 -  reorg system ...
Info 10.04.2026  22:32 -  done.
        checking for backbone integrity issues ...
Info 10.04.2026  22:32 -  done.
     0.2156 seconds.
Info 10.04.2026  22:32 -  step 5 - 6a5j:
     ========
       setting system pH=7.1  method=propka...
Info 10.04.2026  22:32 -  done. 0.0740 seconds.
Info 10.04.2026  22:32 -  step 6 - 6a5j:
     ========
       final cleanup ...
Info 10.04.2026  22:32 -  done. 0.5032 seconds.
     molprobity scores after structure prep:
     ==============================================
Info 10.04.2026  22:44 -  ********************************************************
        STRUCTURE PREPPING < 6a5j >
     ********************************************************
Info 10.04.2026  22:44 -  step 1 - 6a5j 
     ========
        core mol check ....
Info 10.04.2026  22:44 -  done. 0.0002 seconds.
Info 10.04.2026  22:44 -  converting MSE to MET ....
Info 10.04.2026  22:44 -  done. 0.0001 seconds.
Info 10.04.2026  22:44 -  reorg HET residues ....
Info 10.04.2026  22:44 -  done. 0.0001 seconds.
Info 10.04.2026  22:44 -  std AA res name assignment ....
Info 10.04.2026  22:44 -  done. 0.0001 seconds.
Info 10.04.2026  22:44 -  revmoving duplicate atoms ....
Info 10.04.2026  22:44 -  done. 0.0005 seconds.
Info 10.04.2026  22:44 -  step 2 - 6a5j
     ========
        assigning reference data ...
Info 10.04.2026  22:44 -  done 0.0002 seconds.
       fixing metal charges and halogens ...
Info 10.04.2026  22:44 -  done. 0.0001 seconds.
       fixing backbone connectivity ...
Info 10.04.2026  22:44 -  done. 0.0002 seconds.
       check isolated residues ...
Info 10.04.2026  22:44 -  done. 0.0001 seconds.
       checking for missing atoms ...
Info 10.04.2026  22:44 -  done.
       adding disulphide bonds ...
Info 10.04.2026  22:44 -  done.
       fixing small molecules ....
Info 10.04.2026  22:44 -  done. 0.0003 seconds.
Info 10.04.2026  22:44 -  step 3 - 6a5j
     ========
        gmol: natoms=260  nHydrogens=151
Info 10.04.2026  22:44 -  adding hydrogens ...
Info 10.04.2026  22:44 -  done.
       checking bonding issues ...
Info 10.04.2026  22:44 -  done.
       adding atom types ...
Info 10.04.2026  22:44 -  done.
       adding aromaticity ...
Info 10.04.2026  22:44 -  done.
       adding sulphur charges ...
Info 10.04.2026  22:44 -  done. 0.0035 seconds.
Info 10.04.2026  22:44 -  step 4 - 6a5j
     ========
       gmol: natoms=260  nHydrogens=151
Info 10.04.2026  22:44 -  reorg system ...
Info 10.04.2026  22:44 -  done.
        checking for backbone integrity issues ...
Info 10.04.2026  22:44 -  done.
     0.2168 seconds.
Info 10.04.2026  22:44 -  step 5 - 6a5j:
     ========
       setting system pH=7.1  method=propka...
Info 10.04.2026  22:44 -  done. 0.0742 seconds.
Info 10.04.2026  22:44 -  step 6 - 6a5j:
     ========
       final cleanup ...
Info 10.04.2026  22:44 -  done. 0.5284 seconds.
     molprobity scores after structure prep:
     ==============================================