
Info 12.04.2026  21:20 -  ********************************************************
        STRUCTURE PREPPING < 6a5j >
     ********************************************************
Info 12.04.2026  21:20 -  step 1 - 6a5j 
     ========
        core mol check ....
Info 12.04.2026  21:20 -  done. 0.0002 seconds.
Info 12.04.2026  21:20 -  converting MSE to MET ....
Info 12.04.2026  21:20 -  done. 0.0001 seconds.
Info 12.04.2026  21:20 -  reorg HET residues ....
Info 12.04.2026  21:20 -  done. 0.0001 seconds.
Info 12.04.2026  21:20 -  std AA res name assignment ....
Info 12.04.2026  21:20 -  done. 0.0001 seconds.
Info 12.04.2026  21:20 -  revmoving duplicate atoms ....
Info 12.04.2026  21:20 -  done. 0.0005 seconds.
Info 12.04.2026  21:20 -  step 2 - 6a5j
     ========
        assigning reference data ...
Info 12.04.2026  21:20 -  done 0.0001 seconds.
       fixing metal charges and halogens ...
Info 12.04.2026  21:20 -  done. 0.0001 seconds.
       fixing backbone connectivity ...
Info 12.04.2026  21:20 -  done. 0.0002 seconds.
       check isolated residues ...
Info 12.04.2026  21:20 -  done. 0.0001 seconds.
       checking for missing atoms ...
Info 12.04.2026  21:20 -  done.
       adding disulphide bonds ...
Info 12.04.2026  21:20 -  done.
       fixing small molecules ....
Info 12.04.2026  21:20 -  done. 0.0003 seconds.
Info 12.04.2026  21:20 -  step 3 - 6a5j
     ========
        gmol: natoms=260  nHydrogens=151
Info 12.04.2026  21:20 -  adding hydrogens ...
Info 12.04.2026  21:20 -  done.
       checking bonding issues ...
Info 12.04.2026  21:20 -  done.
       adding atom types ...
Info 12.04.2026  21:20 -  done.
       adding aromaticity ...
Info 12.04.2026  21:20 -  done.
       adding sulphur charges ...
Info 12.04.2026  21:20 -  done. 0.0026 seconds.
Info 12.04.2026  21:20 -  step 4 - 6a5j
     ========
       gmol: natoms=260  nHydrogens=151
Info 12.04.2026  21:20 -  reorg system ...
Info 12.04.2026  21:20 -  done.
        checking for backbone integrity issues ...
Info 12.04.2026  21:20 -  done.
     0.2097 seconds.
Info 12.04.2026  21:20 -  step 5 - 6a5j:
     ========
       setting system pH=7.1  method=propka...
Info 12.04.2026  21:20 -  done. 0.0724 seconds.
Info 12.04.2026  21:20 -  step 6 - 6a5j:
     ========
       final cleanup ...
Info 12.04.2026  21:20 -  done. 0.5473 seconds.
     molprobity scores after structure prep:
     ==============================================
Info 12.04.2026  21:23 -  ********************************************************
        STRUCTURE PREPPING < 6a5j >
     ********************************************************
Info 12.04.2026  21:23 -  step 1 - 6a5j 
     ========
        core mol check ....
Info 12.04.2026  21:23 -  done. 0.0002 seconds.
Info 12.04.2026  21:23 -  converting MSE to MET ....
Info 12.04.2026  21:23 -  done. 0.0000 seconds.
Info 12.04.2026  21:23 -  reorg HET residues ....
Info 12.04.2026  21:23 -  done. 0.0001 seconds.
Info 12.04.2026  21:23 -  std AA res name assignment ....
Info 12.04.2026  21:23 -  done. 0.0001 seconds.
Info 12.04.2026  21:23 -  revmoving duplicate atoms ....
Info 12.04.2026  21:23 -  done. 0.0005 seconds.
Info 12.04.2026  21:23 -  step 2 - 6a5j
     ========
        assigning reference data ...
Info 12.04.2026  21:23 -  done 0.0002 seconds.
       fixing metal charges and halogens ...
Info 12.04.2026  21:23 -  done. 0.0001 seconds.
       fixing backbone connectivity ...
Info 12.04.2026  21:23 -  done. 0.0002 seconds.
       check isolated residues ...
Info 12.04.2026  21:23 -  done. 0.0001 seconds.
       checking for missing atoms ...
Info 12.04.2026  21:23 -  done.
       adding disulphide bonds ...
Info 12.04.2026  21:23 -  done.
       fixing small molecules ....
Info 12.04.2026  21:23 -  done. 0.0003 seconds.
Info 12.04.2026  21:23 -  step 3 - 6a5j
     ========
        gmol: natoms=260  nHydrogens=151
Info 12.04.2026  21:23 -  adding hydrogens ...
Info 12.04.2026  21:23 -  done.
       checking bonding issues ...
Info 12.04.2026  21:23 -  done.
       adding atom types ...
Info 12.04.2026  21:23 -  done.
       adding aromaticity ...
Info 12.04.2026  21:23 -  done.
       adding sulphur charges ...
Info 12.04.2026  21:23 -  done. 0.0027 seconds.
Info 12.04.2026  21:23 -  step 4 - 6a5j
     ========
       gmol: natoms=260  nHydrogens=151
Info 12.04.2026  21:23 -  reorg system ...
Info 12.04.2026  21:23 -  done.
        checking for backbone integrity issues ...
Info 12.04.2026  21:23 -  done.
     0.2139 seconds.
Info 12.04.2026  21:23 -  step 5 - 6a5j:
     ========
       setting system pH=7.1  method=propka...
Info 12.04.2026  21:23 -  done. 0.0703 seconds.
Info 12.04.2026  21:23 -  step 6 - 6a5j:
     ========
       final cleanup ...
Info 12.04.2026  21:23 -  done. 0.4965 seconds.
     molprobity scores after structure prep:
     ==============================================
Info 12.04.2026  21:32 -  ********************************************************
        STRUCTURE PREPPING < 6a5j >
     ********************************************************
Info 12.04.2026  21:32 -  step 1 - 6a5j 
     ========
        core mol check ....
Info 12.04.2026  21:32 -  done. 0.0003 seconds.
Info 12.04.2026  21:32 -  converting MSE to MET ....
Info 12.04.2026  21:32 -  done. 0.0001 seconds.
Info 12.04.2026  21:32 -  reorg HET residues ....
Info 12.04.2026  21:32 -  done. 0.0001 seconds.
Info 12.04.2026  21:32 -  std AA res name assignment ....
Info 12.04.2026  21:32 -  done. 0.0001 seconds.
Info 12.04.2026  21:32 -  revmoving duplicate atoms ....
Info 12.04.2026  21:32 -  done. 0.0006 seconds.
Info 12.04.2026  21:32 -  step 2 - 6a5j
     ========
        assigning reference data ...
Info 12.04.2026  21:32 -  done 0.0002 seconds.
       fixing metal charges and halogens ...
Info 12.04.2026  21:32 -  done. 0.0002 seconds.
       fixing backbone connectivity ...
Info 12.04.2026  21:32 -  done. 0.0002 seconds.
       check isolated residues ...
Info 12.04.2026  21:32 -  done. 0.0002 seconds.
       checking for missing atoms ...
Info 12.04.2026  21:32 -  done.
       adding disulphide bonds ...
Info 12.04.2026  21:32 -  done.
       fixing small molecules ....
Info 12.04.2026  21:32 -  done. 0.0004 seconds.
Info 12.04.2026  21:32 -  step 3 - 6a5j
     ========
        gmol: natoms=260  nHydrogens=151
Info 12.04.2026  21:32 -  adding hydrogens ...
Info 12.04.2026  21:32 -  done.
       checking bonding issues ...
Info 12.04.2026  21:32 -  done.
       adding atom types ...
Info 12.04.2026  21:32 -  done.
       adding aromaticity ...
Info 12.04.2026  21:32 -  done.
       adding sulphur charges ...
Info 12.04.2026  21:32 -  done. 0.0030 seconds.
Info 12.04.2026  21:32 -  step 4 - 6a5j
     ========
       gmol: natoms=260  nHydrogens=151
Info 12.04.2026  21:32 -  reorg system ...
Info 12.04.2026  21:32 -  done.
        checking for backbone integrity issues ...
Info 12.04.2026  21:32 -  done.
     0.2169 seconds.
Info 12.04.2026  21:32 -  step 5 - 6a5j:
     ========
       setting system pH=7.1  method=propka...
Info 12.04.2026  21:32 -  done. 0.0727 seconds.
Info 12.04.2026  21:32 -  step 6 - 6a5j:
     ========
       final cleanup ...
Info 12.04.2026  21:32 -  done. 0.5065 seconds.
     molprobity scores after structure prep:
     ==============================================
Info 12.04.2026  21:33 -  ********************************************************
        STRUCTURE PREPPING < 6a5j >
     ********************************************************
Info 12.04.2026  21:33 -  step 1 - 6a5j 
     ========
        core mol check ....
Info 12.04.2026  21:33 -  done. 0.0002 seconds.
Info 12.04.2026  21:33 -  converting MSE to MET ....
Info 12.04.2026  21:33 -  done. 0.0000 seconds.
Info 12.04.2026  21:33 -  reorg HET residues ....
Info 12.04.2026  21:33 -  done. 0.0001 seconds.
Info 12.04.2026  21:33 -  std AA res name assignment ....
Info 12.04.2026  21:33 -  done. 0.0001 seconds.
Info 12.04.2026  21:33 -  revmoving duplicate atoms ....
Info 12.04.2026  21:33 -  done. 0.0005 seconds.
Info 12.04.2026  21:33 -  step 2 - 6a5j
     ========
        assigning reference data ...
Info 12.04.2026  21:33 -  done 0.0002 seconds.
       fixing metal charges and halogens ...
Info 12.04.2026  21:33 -  done. 0.0002 seconds.
       fixing backbone connectivity ...
Info 12.04.2026  21:33 -  done. 0.0002 seconds.
       check isolated residues ...
Info 12.04.2026  21:33 -  done. 0.0001 seconds.
       checking for missing atoms ...
Info 12.04.2026  21:33 -  done.
       adding disulphide bonds ...
Info 12.04.2026  21:33 -  done.
       fixing small molecules ....
Info 12.04.2026  21:33 -  done. 0.0003 seconds.
Info 12.04.2026  21:33 -  step 3 - 6a5j
     ========
        gmol: natoms=260  nHydrogens=151
Info 12.04.2026  21:33 -  adding hydrogens ...
Info 12.04.2026  21:33 -  done.
       checking bonding issues ...
Info 12.04.2026  21:33 -  done.
       adding atom types ...
Info 12.04.2026  21:33 -  done.
       adding aromaticity ...
Info 12.04.2026  21:33 -  done.
       adding sulphur charges ...
Info 12.04.2026  21:33 -  done. 0.0026 seconds.
Info 12.04.2026  21:33 -  step 4 - 6a5j
     ========
       gmol: natoms=260  nHydrogens=151
Info 12.04.2026  21:33 -  reorg system ...
Info 12.04.2026  21:33 -  done.
        checking for backbone integrity issues ...
Info 12.04.2026  21:33 -  done.
     0.2212 seconds.
Info 12.04.2026  21:33 -  step 5 - 6a5j:
     ========
       setting system pH=7.1  method=propka...
Info 12.04.2026  21:33 -  done. 0.0732 seconds.
Info 12.04.2026  21:33 -  step 6 - 6a5j:
     ========
       final cleanup ...
Info 12.04.2026  21:33 -  done. 0.5130 seconds.
     molprobity scores after structure prep:
     ==============================================
Info 12.04.2026  21:38 -  ********************************************************
        STRUCTURE PREPPING < 6a5j >
     ********************************************************
Info 12.04.2026  21:38 -  step 1 - 6a5j 
     ========
        core mol check ....
Info 12.04.2026  21:38 -  done. 0.0002 seconds.
Info 12.04.2026  21:38 -  converting MSE to MET ....
Info 12.04.2026  21:38 -  done. 0.0001 seconds.
Info 12.04.2026  21:38 -  reorg HET residues ....
Info 12.04.2026  21:38 -  done. 0.0001 seconds.
Info 12.04.2026  21:38 -  std AA res name assignment ....
Info 12.04.2026  21:38 -  done. 0.0001 seconds.
Info 12.04.2026  21:38 -  revmoving duplicate atoms ....
Info 12.04.2026  21:38 -  done. 0.0005 seconds.
Info 12.04.2026  21:38 -  step 2 - 6a5j
     ========
        assigning reference data ...
Info 12.04.2026  21:38 -  done 0.0002 seconds.
       fixing metal charges and halogens ...
Info 12.04.2026  21:38 -  done. 0.0001 seconds.
       fixing backbone connectivity ...
Info 12.04.2026  21:38 -  done. 0.0002 seconds.
       check isolated residues ...
Info 12.04.2026  21:38 -  done. 0.0001 seconds.
       checking for missing atoms ...
Info 12.04.2026  21:38 -  done.
       adding disulphide bonds ...
Info 12.04.2026  21:38 -  done.
       fixing small molecules ....
Info 12.04.2026  21:38 -  done. 0.0003 seconds.
Info 12.04.2026  21:38 -  step 3 - 6a5j
     ========
        gmol: natoms=260  nHydrogens=151
Info 12.04.2026  21:38 -  adding hydrogens ...
Info 12.04.2026  21:38 -  done.
       checking bonding issues ...
Info 12.04.2026  21:38 -  done.
       adding atom types ...
Info 12.04.2026  21:38 -  done.
       adding aromaticity ...
Info 12.04.2026  21:38 -  done.
       adding sulphur charges ...
Info 12.04.2026  21:38 -  done. 0.0025 seconds.
Info 12.04.2026  21:38 -  step 4 - 6a5j
     ========
       gmol: natoms=260  nHydrogens=151
Info 12.04.2026  21:38 -  reorg system ...
Info 12.04.2026  21:38 -  done.
        checking for backbone integrity issues ...
Info 12.04.2026  21:38 -  done.
     0.2194 seconds.
Info 12.04.2026  21:38 -  step 5 - 6a5j:
     ========
       setting system pH=7.1  method=propka...
Info 12.04.2026  21:38 -  done. 0.0727 seconds.
Info 12.04.2026  21:38 -  step 6 - 6a5j:
     ========
       final cleanup ...
Info 12.04.2026  21:38 -  done. 0.5187 seconds.
     molprobity scores after structure prep:
     ==============================================
Info 12.04.2026  21:42 -  ********************************************************
        STRUCTURE PREPPING < 6a5j >
     ********************************************************
Info 12.04.2026  21:42 -  step 1 - 6a5j 
     ========
        core mol check ....
Info 12.04.2026  21:42 -  done. 0.0002 seconds.
Info 12.04.2026  21:42 -  converting MSE to MET ....
Info 12.04.2026  21:42 -  done. 0.0001 seconds.
Info 12.04.2026  21:42 -  reorg HET residues ....
Info 12.04.2026  21:42 -  done. 0.0001 seconds.
Info 12.04.2026  21:42 -  std AA res name assignment ....
Info 12.04.2026  21:42 -  done. 0.0001 seconds.
Info 12.04.2026  21:42 -  revmoving duplicate atoms ....
Info 12.04.2026  21:42 -  done. 0.0005 seconds.
Info 12.04.2026  21:42 -  step 2 - 6a5j
     ========
        assigning reference data ...
Info 12.04.2026  21:42 -  done 0.0002 seconds.
       fixing metal charges and halogens ...
Info 12.04.2026  21:42 -  done. 0.0001 seconds.
       fixing backbone connectivity ...
Info 12.04.2026  21:42 -  done. 0.0002 seconds.
       check isolated residues ...
Info 12.04.2026  21:42 -  done. 0.0001 seconds.
       checking for missing atoms ...
Info 12.04.2026  21:42 -  done.
       adding disulphide bonds ...
Info 12.04.2026  21:42 -  done.
       fixing small molecules ....
Info 12.04.2026  21:42 -  done. 0.0003 seconds.
Info 12.04.2026  21:42 -  step 3 - 6a5j
     ========
        gmol: natoms=260  nHydrogens=151
Info 12.04.2026  21:42 -  adding hydrogens ...
Info 12.04.2026  21:42 -  done.
       checking bonding issues ...
Info 12.04.2026  21:42 -  done.
       adding atom types ...
Info 12.04.2026  21:42 -  done.
       adding aromaticity ...
Info 12.04.2026  21:42 -  done.
       adding sulphur charges ...
Info 12.04.2026  21:42 -  done. 0.0026 seconds.
Info 12.04.2026  21:42 -  step 4 - 6a5j
     ========
       gmol: natoms=260  nHydrogens=151
Info 12.04.2026  21:42 -  reorg system ...
Info 12.04.2026  21:42 -  done.
        checking for backbone integrity issues ...
Info 12.04.2026  21:42 -  done.
     0.2139 seconds.
Info 12.04.2026  21:42 -  step 5 - 6a5j:
     ========
       setting system pH=7.1  method=propka...
Info 12.04.2026  21:42 -  done. 0.0724 seconds.
Info 12.04.2026  21:42 -  step 6 - 6a5j:
     ========
       final cleanup ...
Info 12.04.2026  21:42 -  done. 0.5245 seconds.
     molprobity scores after structure prep:
     ==============================================
Info 12.04.2026  21:48 -  ********************************************************
        STRUCTURE PREPPING < 6a5j >
     ********************************************************
Info 12.04.2026  21:48 -  step 1 - 6a5j 
     ========
        core mol check ....
Info 12.04.2026  21:48 -  done. 0.0002 seconds.
Info 12.04.2026  21:48 -  converting MSE to MET ....
Info 12.04.2026  21:48 -  done. 0.0001 seconds.
Info 12.04.2026  21:48 -  reorg HET residues ....
Info 12.04.2026  21:48 -  done. 0.0001 seconds.
Info 12.04.2026  21:48 -  std AA res name assignment ....
Info 12.04.2026  21:48 -  done. 0.0001 seconds.
Info 12.04.2026  21:48 -  revmoving duplicate atoms ....
Info 12.04.2026  21:48 -  done. 0.0005 seconds.
Info 12.04.2026  21:48 -  step 2 - 6a5j
     ========
        assigning reference data ...
Info 12.04.2026  21:48 -  done 0.0002 seconds.
       fixing metal charges and halogens ...
Info 12.04.2026  21:48 -  done. 0.0001 seconds.
       fixing backbone connectivity ...
Info 12.04.2026  21:48 -  done. 0.0002 seconds.
       check isolated residues ...
Info 12.04.2026  21:48 -  done. 0.0001 seconds.
       checking for missing atoms ...
Info 12.04.2026  21:48 -  done.
       adding disulphide bonds ...
Info 12.04.2026  21:48 -  done.
       fixing small molecules ....
Info 12.04.2026  21:48 -  done. 0.0003 seconds.
Info 12.04.2026  21:48 -  step 3 - 6a5j
     ========
        gmol: natoms=260  nHydrogens=151
Info 12.04.2026  21:48 -  adding hydrogens ...
Info 12.04.2026  21:48 -  done.
       checking bonding issues ...
Info 12.04.2026  21:48 -  done.
       adding atom types ...
Info 12.04.2026  21:48 -  done.
       adding aromaticity ...
Info 12.04.2026  21:48 -  done.
       adding sulphur charges ...
Info 12.04.2026  21:48 -  done. 0.0026 seconds.
Info 12.04.2026  21:48 -  step 4 - 6a5j
     ========
       gmol: natoms=260  nHydrogens=151
Info 12.04.2026  21:48 -  reorg system ...
Info 12.04.2026  21:48 -  done.
        checking for backbone integrity issues ...
Info 12.04.2026  21:48 -  done.
     0.2128 seconds.
Info 12.04.2026  21:48 -  step 5 - 6a5j:
     ========
       setting system pH=7.1  method=propka...
Info 12.04.2026  21:48 -  done. 0.0718 seconds.
Info 12.04.2026  21:48 -  step 6 - 6a5j:
     ========
       final cleanup ...
Info 12.04.2026  21:48 -  done. 0.5086 seconds.
     molprobity scores after structure prep:
     ==============================================
Info 12.04.2026  21:49 -  ********************************************************
        STRUCTURE PREPPING < 6a5j >
     ********************************************************
Info 12.04.2026  21:49 -  step 1 - 6a5j 
     ========
        core mol check ....
Info 12.04.2026  21:49 -  done. 0.0002 seconds.
Info 12.04.2026  21:49 -  converting MSE to MET ....
Info 12.04.2026  21:49 -  done. 0.0001 seconds.
Info 12.04.2026  21:49 -  reorg HET residues ....
Info 12.04.2026  21:49 -  done. 0.0001 seconds.
Info 12.04.2026  21:49 -  std AA res name assignment ....
Info 12.04.2026  21:49 -  done. 0.0001 seconds.
Info 12.04.2026  21:49 -  revmoving duplicate atoms ....
Info 12.04.2026  21:49 -  done. 0.0005 seconds.
Info 12.04.2026  21:49 -  step 2 - 6a5j
     ========
        assigning reference data ...
Info 12.04.2026  21:49 -  done 0.0002 seconds.
       fixing metal charges and halogens ...
Info 12.04.2026  21:49 -  done. 0.0001 seconds.
       fixing backbone connectivity ...
Info 12.04.2026  21:49 -  done. 0.0002 seconds.
       check isolated residues ...
Info 12.04.2026  21:49 -  done. 0.0001 seconds.
       checking for missing atoms ...
Info 12.04.2026  21:49 -  done.
       adding disulphide bonds ...
Info 12.04.2026  21:49 -  done.
       fixing small molecules ....
Info 12.04.2026  21:49 -  done. 0.0003 seconds.
Info 12.04.2026  21:49 -  step 3 - 6a5j
     ========
        gmol: natoms=260  nHydrogens=151
Info 12.04.2026  21:49 -  adding hydrogens ...
Info 12.04.2026  21:49 -  done.
       checking bonding issues ...
Info 12.04.2026  21:49 -  done.
       adding atom types ...
Info 12.04.2026  21:49 -  done.
       adding aromaticity ...
Info 12.04.2026  21:49 -  done.
       adding sulphur charges ...
Info 12.04.2026  21:49 -  done. 0.0025 seconds.
Info 12.04.2026  21:49 -  step 4 - 6a5j
     ========
       gmol: natoms=260  nHydrogens=151
Info 12.04.2026  21:49 -  reorg system ...
Info 12.04.2026  21:49 -  done.
        checking for backbone integrity issues ...
Info 12.04.2026  21:49 -  done.
     0.2150 seconds.
Info 12.04.2026  21:49 -  step 5 - 6a5j:
     ========
       setting system pH=7.1  method=propka...
Info 12.04.2026  21:49 -  done. 0.0726 seconds.
Info 12.04.2026  21:49 -  step 6 - 6a5j:
     ========
       final cleanup ...
Info 12.04.2026  21:49 -  done. 0.5147 seconds.
     molprobity scores after structure prep:
     ==============================================
Info 12.04.2026  22:27 -  mPrepStructure: invalid mol input!
Info 12.04.2026  22:27 -  ********************************************************
        STRUCTURE PREPPING < todel >
     ********************************************************
Info 12.04.2026  22:27 -  step 1 - todel 
     ========
        core mol check ....
Info 12.04.2026  22:27 -  done. 0.0071 seconds.
Info 12.04.2026  22:27 -  converting MSE to MET ....
Info 12.04.2026  22:27 -  done. 0.0004 seconds.
Info 12.04.2026  22:27 -  reorg HET residues ....
Info 12.04.2026  22:27 -  done. 0.0009 seconds.
Info 12.04.2026  22:27 -  std AA res name assignment ....
Info 12.04.2026  22:27 -  done. 0.0010 seconds.
Info 12.04.2026  22:27 -  revmoving duplicate atoms ....
Info 12.04.2026  22:27 -  done. 0.0159 seconds.
Info 12.04.2026  22:27 -  step 2 - todel
     ========
        assigning reference data ...
Info 12.04.2026  22:27 -  done 0.0045 seconds.
       fixing metal charges and halogens ...
Info 12.04.2026  22:27 -  done. 0.0045 seconds.
       fixing backbone connectivity ...
Info 12.04.2026  22:27 -  done. 0.0041 seconds.
       check isolated residues ...
Info 12.04.2026  22:27 -  done. 0.0080 seconds.
       checking for missing atoms ...
Info 12.04.2026  22:27 -  done.
       adding disulphide bonds ...
Info 12.04.2026  22:27 -  done.
       fixing small molecules ....
Info 12.04.2026  22:27 -  done. 0.0095 seconds.
Info 12.04.2026  22:27 -  step 3 - todel
     ========
        gmol: natoms=10135  nHydrogens=4991
Info 12.04.2026  22:27 -  adding hydrogens ...
Info 12.04.2026  22:27 -  done.
       checking bonding issues ...
Info 12.04.2026  22:27 -  done.
       adding atom types ...
Info 12.04.2026  22:27 -  done.
       adding aromaticity ...
Info 12.04.2026  22:27 -  done.
       adding sulphur charges ...
Info 12.04.2026  22:27 -  done. 0.1129 seconds.
Info 12.04.2026  22:27 -  step 4 - todel
     ========
       gmol: natoms=10154  nHydrogens=5010
Info 12.04.2026  22:27 -  reorg system ...
Info 12.04.2026  22:27 -  done.
        checking for backbone integrity issues ...
Info 12.04.2026  22:27 -  done.
     0.2924 seconds.
Info 12.04.2026  22:27 -  step 5 - todel:
     ========
       setting system pH=7.1  method=propka...
Info 12.04.2026  22:27 -  done. 1.1804 seconds.
Info 12.04.2026  22:27 -  step 6 - todel:
     ========
       final cleanup ...
Info 12.04.2026  22:27 -  residues with major bb issues: C:LYS77,C:ASN185,C:PHE186,C:ILE210,C:PHE275,C:ILE285,C:THR286,C:ASP287,C:ALA288,C:VAL289,C:ASN334,C:LEU335,C:CYS336
Info 12.04.2026  22:27 -  done. 1.1510 seconds.
     molprobity scores after structure prep:
     ==============================================
Info 12.04.2026  22:28 -  ********************************************************
        STRUCTURE PREPPING < todel >
     ********************************************************
Info 12.04.2026  22:28 -  step 1 - todel 
     ========
        core mol check ....
Info 12.04.2026  22:28 -  done. 0.0085 seconds.
Info 12.04.2026  22:28 -  converting MSE to MET ....
Info 12.04.2026  22:28 -  done. 0.0004 seconds.
Info 12.04.2026  22:28 -  reorg HET residues ....
Info 12.04.2026  22:28 -  done. 0.0009 seconds.
Info 12.04.2026  22:28 -  std AA res name assignment ....
Info 12.04.2026  22:28 -  done. 0.0011 seconds.
Info 12.04.2026  22:28 -  revmoving duplicate atoms ....
Info 12.04.2026  22:28 -  done. 0.0168 seconds.
Info 12.04.2026  22:28 -  step 2 - todel
     ========
        assigning reference data ...
Info 12.04.2026  22:28 -  done 0.0047 seconds.
       fixing metal charges and halogens ...
Info 12.04.2026  22:28 -  done. 0.0048 seconds.
       fixing backbone connectivity ...
Info 12.04.2026  22:28 -  done. 0.0045 seconds.
       check isolated residues ...
Info 12.04.2026  22:28 -  done. 0.0086 seconds.
       checking for missing atoms ...
Info 12.04.2026  22:28 -  done.
       adding disulphide bonds ...
Info 12.04.2026  22:28 -  done.
       fixing small molecules ....
Info 12.04.2026  22:28 -  done. 0.0101 seconds.
Info 12.04.2026  22:28 -  step 3 - todel
     ========
        gmol: natoms=10135  nHydrogens=4991
Info 12.04.2026  22:28 -  adding hydrogens ...
Info 12.04.2026  22:28 -  done.
       checking bonding issues ...
Info 12.04.2026  22:28 -  done.
       adding atom types ...
Info 12.04.2026  22:28 -  done.
       adding aromaticity ...
Info 12.04.2026  22:28 -  done.
       adding sulphur charges ...
Info 12.04.2026  22:28 -  done. 0.1156 seconds.
Info 12.04.2026  22:28 -  step 4 - todel
     ========
       gmol: natoms=10154  nHydrogens=5010
Info 12.04.2026  22:28 -  reorg system ...
Info 12.04.2026  22:28 -  done.
        checking for backbone integrity issues ...
Info 12.04.2026  22:28 -  done.
     0.2983 seconds.
Info 12.04.2026  22:28 -  step 5 - todel:
     ========
       setting system pH=7.1  method=propka...
Info 12.04.2026  22:28 -  done. 1.3447 seconds.
Info 12.04.2026  22:28 -  step 6 - todel:
     ========
       final cleanup ...
Info 12.04.2026  22:28 -  residues with major bb issues: C:LYS77,C:ASN185,C:PHE186,C:ILE210,C:PHE275,C:ILE285,C:THR286,C:ASP287,C:ALA288,C:VAL289,C:ASN334,C:LEU335,C:CYS336
Info 12.04.2026  22:29 -  done. 1.3338 seconds.
     molprobity scores after structure prep:
     ==============================================
Info 12.04.2026  22:31 -  ********************************************************
        STRUCTURE PREPPING < todel >
     ********************************************************
Info 12.04.2026  22:31 -  step 1 - todel 
     ========
        core mol check ....
Info 12.04.2026  22:31 -  done. 0.0083 seconds.
Info 12.04.2026  22:31 -  converting MSE to MET ....
Info 12.04.2026  22:31 -  done. 0.0004 seconds.
Info 12.04.2026  22:31 -  reorg HET residues ....
Info 12.04.2026  22:31 -  done. 0.0009 seconds.
Info 12.04.2026  22:31 -  std AA res name assignment ....
Info 12.04.2026  22:31 -  done. 0.0011 seconds.
Info 12.04.2026  22:31 -  revmoving duplicate atoms ....
Info 12.04.2026  22:31 -  done. 0.0177 seconds.
Info 12.04.2026  22:31 -  step 2 - todel
     ========
        assigning reference data ...
Info 12.04.2026  22:31 -  done 0.0047 seconds.
       fixing metal charges and halogens ...
Info 12.04.2026  22:31 -  done. 0.0052 seconds.
       fixing backbone connectivity ...
Info 12.04.2026  22:31 -  done. 0.0047 seconds.
       check isolated residues ...
Info 12.04.2026  22:31 -  done. 0.0089 seconds.
       checking for missing atoms ...
Info 12.04.2026  22:31 -  done.
       adding disulphide bonds ...
Info 12.04.2026  22:31 -  done.
       fixing small molecules ....
Info 12.04.2026  22:31 -  done. 0.0102 seconds.
Info 12.04.2026  22:31 -  step 3 - todel
     ========
        gmol: natoms=10135  nHydrogens=4991
Info 12.04.2026  22:31 -  adding hydrogens ...
Info 12.04.2026  22:31 -  done.
       checking bonding issues ...
Info 12.04.2026  22:31 -  done.
       adding atom types ...
Info 12.04.2026  22:31 -  done.
       adding aromaticity ...
Info 12.04.2026  22:31 -  done.
       adding sulphur charges ...
Info 12.04.2026  22:31 -  done. 0.1181 seconds.
Info 12.04.2026  22:31 -  step 4 - todel
     ========
       gmol: natoms=10154  nHydrogens=5010
Info 12.04.2026  22:31 -  reorg system ...
Info 12.04.2026  22:31 -  done.
        checking for backbone integrity issues ...
Info 12.04.2026  22:31 -  done.
     0.4247 seconds.
Info 12.04.2026  22:31 -  step 5 - todel:
     ========
       setting system pH=7.1  method=propka...
Info 12.04.2026  22:31 -  done. 1.2465 seconds.
Info 12.04.2026  22:31 -  step 6 - todel:
     ========
       final cleanup ...
Info 12.04.2026  22:31 -  residues with major bb issues: C:LYS77,C:ASN185,C:PHE186,C:ILE210,C:PHE275,C:ILE285,C:THR286,C:ASP287,C:ALA288,C:VAL289,C:ASN334,C:LEU335,C:CYS336
Info 12.04.2026  22:31 -  done. 1.1994 seconds.
     molprobity scores after structure prep:
     ==============================================
Info 12.04.2026  22:36 -  ********************************************************
        STRUCTURE PREPPING < todel >
     ********************************************************
Info 12.04.2026  22:36 -  step 1 - todel 
     ========
        core mol check ....
Info 12.04.2026  22:36 -  done. 0.0087 seconds.
Info 12.04.2026  22:36 -  converting MSE to MET ....
Info 12.04.2026  22:36 -  done. 0.0004 seconds.
Info 12.04.2026  22:36 -  reorg HET residues ....
Info 12.04.2026  22:36 -  done. 0.0008 seconds.
Info 12.04.2026  22:36 -  std AA res name assignment ....
Info 12.04.2026  22:36 -  done. 0.0010 seconds.
Info 12.04.2026  22:36 -  revmoving duplicate atoms ....
Info 12.04.2026  22:36 -  done. 0.0185 seconds.
Info 12.04.2026  22:36 -  step 2 - todel
     ========
        assigning reference data ...
Info 12.04.2026  22:36 -  done 0.0055 seconds.
       fixing metal charges and halogens ...
Info 12.04.2026  22:36 -  done. 0.0055 seconds.
       fixing backbone connectivity ...
Info 12.04.2026  22:36 -  done. 0.0054 seconds.
       check isolated residues ...
Info 12.04.2026  22:36 -  done. 0.0099 seconds.
       checking for missing atoms ...
Info 12.04.2026  22:36 -  done.
       adding disulphide bonds ...
Info 12.04.2026  22:36 -  done.
       fixing small molecules ....
Info 12.04.2026  22:36 -  done. 0.0113 seconds.
Info 12.04.2026  22:36 -  step 3 - todel
     ========
        gmol: natoms=10135  nHydrogens=4991
Info 12.04.2026  22:36 -  adding hydrogens ...
Info 12.04.2026  22:36 -  done.
       checking bonding issues ...
Info 12.04.2026  22:36 -  done.
       adding atom types ...
Info 12.04.2026  22:36 -  done.
       adding aromaticity ...
Info 12.04.2026  22:36 -  done.
       adding sulphur charges ...
Info 12.04.2026  22:36 -  done. 0.1278 seconds.
Info 12.04.2026  22:36 -  step 4 - todel
     ========
       gmol: natoms=10154  nHydrogens=5010
Info 12.04.2026  22:36 -  reorg system ...
Info 12.04.2026  22:36 -  done.
        checking for backbone integrity issues ...
Info 12.04.2026  22:36 -  done.
     0.3302 seconds.
Info 12.04.2026  22:36 -  step 5 - todel:
     ========
       setting system pH=7.1  method=propka...
Info 12.04.2026  22:36 -  done. 1.2340 seconds.
Info 12.04.2026  22:36 -  step 6 - todel:
     ========
       final cleanup ...
Info 12.04.2026  22:36 -  residues with major bb issues: C:LYS77,C:ASN185,C:PHE186,C:ILE210,C:PHE275,C:ILE285,C:THR286,C:ASP287,C:ALA288,C:VAL289,C:ASN334,C:LEU335,C:CYS336
Info 12.04.2026  22:37 -  done. 1.2446 seconds.
     molprobity scores after structure prep:
     ==============================================